<?xml version="1.0" encoding="UTF-8"?>
<testsuite name="com.linecorp.bot.model.event.ReplyEventTest" tests="1" skipped="0" failures="0" errors="0" timestamp="2017-11-20T14:15:53" hostname="Woos-MacBook-Pro.local" time="0.255">
  <properties/>
  <testcase name="eventWithReplyTokenShouldBeImplementReplySupportTest" classname="com.linecorp.bot.model.event.ReplyEventTest" time="0.255"/>
  <system-out><![CDATA[22:15:53.290 [Test worker] DEBUG org.springframework.core.env.StandardEnvironment - Adding [systemProperties] PropertySource with lowest search precedence
22:15:53.298 [Test worker] DEBUG org.springframework.core.env.StandardEnvironment - Adding [systemEnvironment] PropertySource with lowest search precedence
22:15:53.301 [Test worker] DEBUG org.springframework.core.env.StandardEnvironment - Initialized StandardEnvironment with PropertySources [systemProperties,systemEnvironment]
22:15:53.322 [Test worker] DEBUG org.springframework.core.io.support.PathMatchingResourcePatternResolver - Resolved classpath location [com/linecorp/bot/model/event/] to resources [URL [file:/Users/woochanlee/Desktop/dietBot/my-fork/line-bot-model/build/classes/test/com/linecorp/bot/model/event/], URL [file:/Users/woochanlee/Desktop/dietBot/my-fork/line-bot-model/build/classes/main/com/linecorp/bot/model/event/]]
22:15:53.324 [Test worker] DEBUG org.springframework.core.io.support.PathMatchingResourcePatternResolver - Looking for matching resources in directory tree [/Users/woochanlee/Desktop/dietBot/my-fork/line-bot-model/build/classes/test/com/linecorp/bot/model/event]
22:15:53.325 [Test worker] DEBUG org.springframework.core.io.support.PathMatchingResourcePatternResolver - Searching directory [/Users/woochanlee/Desktop/dietBot/my-fork/line-bot-model/build/classes/test/com/linecorp/bot/model/event] for files matching pattern [/Users/woochanlee/Desktop/dietBot/my-fork/line-bot-model/build/classes/test/com/linecorp/bot/model/event/**/*.class]
22:15:53.329 [Test worker] DEBUG org.springframework.core.io.support.PathMatchingResourcePatternResolver - Searching directory [/Users/woochanlee/Desktop/dietBot/my-fork/line-bot-model/build/classes/test/com/linecorp/bot/model/event/beacon] for files matching pattern [/Users/woochanlee/Desktop/dietBot/my-fork/line-bot-model/build/classes/test/com/linecorp/bot/model/event/**/*.class]
22:15:53.333 [Test worker] DEBUG org.springframework.core.io.support.PathMatchingResourcePatternResolver - Looking for matching resources in directory tree [/Users/woochanlee/Desktop/dietBot/my-fork/line-bot-model/build/classes/main/com/linecorp/bot/model/event]
22:15:53.334 [Test worker] DEBUG org.springframework.core.io.support.PathMatchingResourcePatternResolver - Searching directory [/Users/woochanlee/Desktop/dietBot/my-fork/line-bot-model/build/classes/main/com/linecorp/bot/model/event] for files matching pattern [/Users/woochanlee/Desktop/dietBot/my-fork/line-bot-model/build/classes/main/com/linecorp/bot/model/event/**/*.class]
22:15:53.336 [Test worker] DEBUG org.springframework.core.io.support.PathMatchingResourcePatternResolver - Searching directory [/Users/woochanlee/Desktop/dietBot/my-fork/line-bot-model/build/classes/main/com/linecorp/bot/model/event/beacon] for files matching pattern [/Users/woochanlee/Desktop/dietBot/my-fork/line-bot-model/build/classes/main/com/linecorp/bot/model/event/**/*.class]
22:15:53.338 [Test worker] DEBUG org.springframework.core.io.support.PathMatchingResourcePatternResolver - Searching directory [/Users/woochanlee/Desktop/dietBot/my-fork/line-bot-model/build/classes/main/com/linecorp/bot/model/event/message] for files matching pattern [/Users/woochanlee/Desktop/dietBot/my-fork/line-bot-model/build/classes/main/com/linecorp/bot/model/event/**/*.class]
22:15:53.340 [Test worker] DEBUG org.springframework.core.io.support.PathMatchingResourcePatternResolver - Searching directory [/Users/woochanlee/Desktop/dietBot/my-fork/line-bot-model/build/classes/main/com/linecorp/bot/model/event/postback] for files matching pattern [/Users/woochanlee/Desktop/dietBot/my-fork/line-bot-model/build/classes/main/com/linecorp/bot/model/event/**/*.class]
22:15:53.341 [Test worker] DEBUG org.springframework.core.io.support.PathMatchingResourcePatternResolver - Searching directory [/Users/woochanlee/Desktop/dietBot/my-fork/line-bot-model/build/classes/main/com/linecorp/bot/model/event/source] for files matching pattern [/Users/woochanlee/Desktop/dietBot/my-fork/line-bot-model/build/classes/main/com/linecorp/bot/model/event/**/*.class]
22:15:53.343 [Test worker] DEBUG org.springframework.core.io.support.PathMatchingResourcePatternResolver - Resolved location pattern [classpath*:com/linecorp/bot/model/event/**/*.class] to resources [file [/Users/woochanlee/Desktop/dietBot/my-fork/line-bot-model/build/classes/test/com/linecorp/bot/model/event/CallbackRequestTest$RequestTester.class], file [/Users/woochanlee/Desktop/dietBot/my-fork/line-bot-model/build/classes/test/com/linecorp/bot/model/event/CallbackRequestTest.class], file [/Users/woochanlee/Desktop/dietBot/my-fork/line-bot-model/build/classes/test/com/linecorp/bot/model/event/MessageEventTest.class], file [/Users/woochanlee/Desktop/dietBot/my-fork/line-bot-model/build/classes/test/com/linecorp/bot/model/event/ReplyEventTest.class], file [/Users/woochanlee/Desktop/dietBot/my-fork/line-bot-model/build/classes/test/com/linecorp/bot/model/event/beacon/BeaconContentTest.class], file [/Users/woochanlee/Desktop/dietBot/my-fork/line-bot-model/build/classes/test/com/linecorp/bot/model/event/beacon/BeaconContentUtilTest.class], file [/Users/woochanlee/Desktop/dietBot/my-fork/line-bot-model/build/classes/main/com/linecorp/bot/model/event/BeaconEvent.class], file [/Users/woochanlee/Desktop/dietBot/my-fork/line-bot-model/build/classes/main/com/linecorp/bot/model/event/CallbackRequest.class], file [/Users/woochanlee/Desktop/dietBot/my-fork/line-bot-model/build/classes/main/com/linecorp/bot/model/event/Event.class], file [/Users/woochanlee/Desktop/dietBot/my-fork/line-bot-model/build/classes/main/com/linecorp/bot/model/event/FollowEvent.class], file [/Users/woochanlee/Desktop/dietBot/my-fork/line-bot-model/build/classes/main/com/linecorp/bot/model/event/JoinEvent.class], file [/Users/woochanlee/Desktop/dietBot/my-fork/line-bot-model/build/classes/main/com/linecorp/bot/model/event/LeaveEvent.class], file [/Users/woochanlee/Desktop/dietBot/my-fork/line-bot-model/build/classes/main/com/linecorp/bot/model/event/MessageEvent.class], file [/Users/woochanlee/Desktop/dietBot/my-fork/line-bot-model/build/classes/main/com/linecorp/bot/model/event/PostbackEvent.class], file [/Users/woochanlee/Desktop/dietBot/my-fork/line-bot-model/build/classes/main/com/linecorp/bot/model/event/ReplyEvent.class], file [/Users/woochanlee/Desktop/dietBot/my-fork/line-bot-model/build/classes/main/com/linecorp/bot/model/event/UnfollowEvent.class], file [/Users/woochanlee/Desktop/dietBot/my-fork/line-bot-model/build/classes/main/com/linecorp/bot/model/event/UnknownEvent.class], file [/Users/woochanlee/Desktop/dietBot/my-fork/line-bot-model/build/classes/main/com/linecorp/bot/model/event/beacon/BeaconContent.class], file [/Users/woochanlee/Desktop/dietBot/my-fork/line-bot-model/build/classes/main/com/linecorp/bot/model/event/beacon/BeaconContentUtil.class], file [/Users/woochanlee/Desktop/dietBot/my-fork/line-bot-model/build/classes/main/com/linecorp/bot/model/event/message/AudioMessageContent.class], file [/Users/woochanlee/Desktop/dietBot/my-fork/line-bot-model/build/classes/main/com/linecorp/bot/model/event/message/FileMessageContent.class], file [/Users/woochanlee/Desktop/dietBot/my-fork/line-bot-model/build/classes/main/com/linecorp/bot/model/event/message/ImageMessageContent.class], file [/Users/woochanlee/Desktop/dietBot/my-fork/line-bot-model/build/classes/main/com/linecorp/bot/model/event/message/LocationMessageContent.class], file [/Users/woochanlee/Desktop/dietBot/my-fork/line-bot-model/build/classes/main/com/linecorp/bot/model/event/message/MessageContent.class], file [/Users/woochanlee/Desktop/dietBot/my-fork/line-bot-model/build/classes/main/com/linecorp/bot/model/event/message/StickerMessageContent.class], file [/Users/woochanlee/Desktop/dietBot/my-fork/line-bot-model/build/classes/main/com/linecorp/bot/model/event/message/TextMessageContent.class], file [/Users/woochanlee/Desktop/dietBot/my-fork/line-bot-model/build/classes/main/com/linecorp/bot/model/event/message/UnknownMessageContent.class], file [/Users/woochanlee/Desktop/dietBot/my-fork/line-bot-model/build/classes/main/com/linecorp/bot/model/event/message/VideoMessageContent.class], file [/Users/woochanlee/Desktop/dietBot/my-fork/line-bot-model/build/classes/main/com/linecorp/bot/model/event/postback/PostbackContent.class], file [/Users/woochanlee/Desktop/dietBot/my-fork/line-bot-model/build/classes/main/com/linecorp/bot/model/event/source/GroupSource.class], file [/Users/woochanlee/Desktop/dietBot/my-fork/line-bot-model/build/classes/main/com/linecorp/bot/model/event/source/RoomSource.class], file [/Users/woochanlee/Desktop/dietBot/my-fork/line-bot-model/build/classes/main/com/linecorp/bot/model/event/source/Source.class], file [/Users/woochanlee/Desktop/dietBot/my-fork/line-bot-model/build/classes/main/com/linecorp/bot/model/event/source/UnknownSource.class], file [/Users/woochanlee/Desktop/dietBot/my-fork/line-bot-model/build/classes/main/com/linecorp/bot/model/event/source/UserSource.class]]
22:15:53.394 [Test worker] DEBUG org.springframework.context.annotation.ClassPathScanningCandidateComponentProvider - Ignored because not a concrete top-level class: file [/Users/woochanlee/Desktop/dietBot/my-fork/line-bot-model/build/classes/test/com/linecorp/bot/model/event/CallbackRequestTest$RequestTester.class]
22:15:53.414 [Test worker] DEBUG org.springframework.context.annotation.ClassPathScanningCandidateComponentProvider - Identified candidate component class: file [/Users/woochanlee/Desktop/dietBot/my-fork/line-bot-model/build/classes/test/com/linecorp/bot/model/event/CallbackRequestTest.class]
22:15:53.415 [Test worker] DEBUG org.springframework.context.annotation.ClassPathScanningCandidateComponentProvider - Identified candidate component class: file [/Users/woochanlee/Desktop/dietBot/my-fork/line-bot-model/build/classes/test/com/linecorp/bot/model/event/MessageEventTest.class]
22:15:53.416 [Test worker] DEBUG org.springframework.context.annotation.ClassPathScanningCandidateComponentProvider - Identified candidate component class: file [/Users/woochanlee/Desktop/dietBot/my-fork/line-bot-model/build/classes/test/com/linecorp/bot/model/event/ReplyEventTest.class]
22:15:53.417 [Test worker] DEBUG org.springframework.context.annotation.ClassPathScanningCandidateComponentProvider - Identified candidate component class: file [/Users/woochanlee/Desktop/dietBot/my-fork/line-bot-model/build/classes/test/com/linecorp/bot/model/event/beacon/BeaconContentTest.class]
22:15:53.418 [Test worker] DEBUG org.springframework.context.annotation.ClassPathScanningCandidateComponentProvider - Identified candidate component class: file [/Users/woochanlee/Desktop/dietBot/my-fork/line-bot-model/build/classes/test/com/linecorp/bot/model/event/beacon/BeaconContentUtilTest.class]
22:15:53.420 [Test worker] DEBUG org.springframework.context.annotation.ClassPathScanningCandidateComponentProvider - Identified candidate component class: file [/Users/woochanlee/Desktop/dietBot/my-fork/line-bot-model/build/classes/main/com/linecorp/bot/model/event/BeaconEvent.class]
22:15:53.421 [Test worker] DEBUG org.springframework.context.annotation.ClassPathScanningCandidateComponentProvider - Identified candidate component class: file [/Users/woochanlee/Desktop/dietBot/my-fork/line-bot-model/build/classes/main/com/linecorp/bot/model/event/CallbackRequest.class]
22:15:53.422 [Test worker] DEBUG org.springframework.context.annotation.ClassPathScanningCandidateComponentProvider - Ignored because not a concrete top-level class: file [/Users/woochanlee/Desktop/dietBot/my-fork/line-bot-model/build/classes/main/com/linecorp/bot/model/event/Event.class]
22:15:53.424 [Test worker] DEBUG org.springframework.context.annotation.ClassPathScanningCandidateComponentProvider - Identified candidate component class: file [/Users/woochanlee/Desktop/dietBot/my-fork/line-bot-model/build/classes/main/com/linecorp/bot/model/event/FollowEvent.class]
22:15:53.425 [Test worker] DEBUG org.springframework.context.annotation.ClassPathScanningCandidateComponentProvider - Identified candidate component class: file [/Users/woochanlee/Desktop/dietBot/my-fork/line-bot-model/build/classes/main/com/linecorp/bot/model/event/JoinEvent.class]
22:15:53.427 [Test worker] DEBUG org.springframework.context.annotation.ClassPathScanningCandidateComponentProvider - Identified candidate component class: file [/Users/woochanlee/Desktop/dietBot/my-fork/line-bot-model/build/classes/main/com/linecorp/bot/model/event/LeaveEvent.class]
22:15:53.431 [Test worker] DEBUG org.springframework.context.annotation.ClassPathScanningCandidateComponentProvider - Identified candidate component class: file [/Users/woochanlee/Desktop/dietBot/my-fork/line-bot-model/build/classes/main/com/linecorp/bot/model/event/MessageEvent.class]
22:15:53.432 [Test worker] DEBUG org.springframework.context.annotation.ClassPathScanningCandidateComponentProvider - Identified candidate component class: file [/Users/woochanlee/Desktop/dietBot/my-fork/line-bot-model/build/classes/main/com/linecorp/bot/model/event/PostbackEvent.class]
22:15:53.433 [Test worker] DEBUG org.springframework.context.annotation.ClassPathScanningCandidateComponentProvider - Ignored because not a concrete top-level class: file [/Users/woochanlee/Desktop/dietBot/my-fork/line-bot-model/build/classes/main/com/linecorp/bot/model/event/ReplyEvent.class]
22:15:53.435 [Test worker] DEBUG org.springframework.context.annotation.ClassPathScanningCandidateComponentProvider - Identified candidate component class: file [/Users/woochanlee/Desktop/dietBot/my-fork/line-bot-model/build/classes/main/com/linecorp/bot/model/event/UnfollowEvent.class]
22:15:53.437 [Test worker] DEBUG org.springframework.context.annotation.ClassPathScanningCandidateComponentProvider - Identified candidate component class: file [/Users/woochanlee/Desktop/dietBot/my-fork/line-bot-model/build/classes/main/com/linecorp/bot/model/event/UnknownEvent.class]
22:15:53.438 [Test worker] DEBUG org.springframework.context.annotation.ClassPathScanningCandidateComponentProvider - Identified candidate component class: file [/Users/woochanlee/Desktop/dietBot/my-fork/line-bot-model/build/classes/main/com/linecorp/bot/model/event/beacon/BeaconContent.class]
22:15:53.439 [Test worker] DEBUG org.springframework.context.annotation.ClassPathScanningCandidateComponentProvider - Identified candidate component class: file [/Users/woochanlee/Desktop/dietBot/my-fork/line-bot-model/build/classes/main/com/linecorp/bot/model/event/beacon/BeaconContentUtil.class]
22:15:53.441 [Test worker] DEBUG org.springframework.context.annotation.ClassPathScanningCandidateComponentProvider - Identified candidate component class: file [/Users/woochanlee/Desktop/dietBot/my-fork/line-bot-model/build/classes/main/com/linecorp/bot/model/event/message/AudioMessageContent.class]
22:15:53.442 [Test worker] DEBUG org.springframework.context.annotation.ClassPathScanningCandidateComponentProvider - Identified candidate component class: file [/Users/woochanlee/Desktop/dietBot/my-fork/line-bot-model/build/classes/main/com/linecorp/bot/model/event/message/FileMessageContent.class]
22:15:53.445 [Test worker] DEBUG org.springframework.context.annotation.ClassPathScanningCandidateComponentProvider - Identified candidate component class: file [/Users/woochanlee/Desktop/dietBot/my-fork/line-bot-model/build/classes/main/com/linecorp/bot/model/event/message/ImageMessageContent.class]
22:15:53.447 [Test worker] DEBUG org.springframework.context.annotation.ClassPathScanningCandidateComponentProvider - Identified candidate component class: file [/Users/woochanlee/Desktop/dietBot/my-fork/line-bot-model/build/classes/main/com/linecorp/bot/model/event/message/LocationMessageContent.class]
22:15:53.448 [Test worker] DEBUG org.springframework.context.annotation.ClassPathScanningCandidateComponentProvider - Ignored because not a concrete top-level class: file [/Users/woochanlee/Desktop/dietBot/my-fork/line-bot-model/build/classes/main/com/linecorp/bot/model/event/message/MessageContent.class]
22:15:53.450 [Test worker] DEBUG org.springframework.context.annotation.ClassPathScanningCandidateComponentProvider - Identified candidate component class: file [/Users/woochanlee/Desktop/dietBot/my-fork/line-bot-model/build/classes/main/com/linecorp/bot/model/event/message/StickerMessageContent.class]
22:15:53.451 [Test worker] DEBUG org.springframework.context.annotation.ClassPathScanningCandidateComponentProvider - Identified candidate component class: file [/Users/woochanlee/Desktop/dietBot/my-fork/line-bot-model/build/classes/main/com/linecorp/bot/model/event/message/TextMessageContent.class]
22:15:53.453 [Test worker] DEBUG org.springframework.context.annotation.ClassPathScanningCandidateComponentProvider - Identified candidate component class: file [/Users/woochanlee/Desktop/dietBot/my-fork/line-bot-model/build/classes/main/com/linecorp/bot/model/event/message/UnknownMessageContent.class]
22:15:53.455 [Test worker] DEBUG org.springframework.context.annotation.ClassPathScanningCandidateComponentProvider - Identified candidate component class: file [/Users/woochanlee/Desktop/dietBot/my-fork/line-bot-model/build/classes/main/com/linecorp/bot/model/event/message/VideoMessageContent.class]
22:15:53.456 [Test worker] DEBUG org.springframework.context.annotation.ClassPathScanningCandidateComponentProvider - Identified candidate component class: file [/Users/woochanlee/Desktop/dietBot/my-fork/line-bot-model/build/classes/main/com/linecorp/bot/model/event/postback/PostbackContent.class]
22:15:53.457 [Test worker] DEBUG org.springframework.context.annotation.ClassPathScanningCandidateComponentProvider - Identified candidate component class: file [/Users/woochanlee/Desktop/dietBot/my-fork/line-bot-model/build/classes/main/com/linecorp/bot/model/event/source/GroupSource.class]
22:15:53.458 [Test worker] DEBUG org.springframework.context.annotation.ClassPathScanningCandidateComponentProvider - Identified candidate component class: file [/Users/woochanlee/Desktop/dietBot/my-fork/line-bot-model/build/classes/main/com/linecorp/bot/model/event/source/RoomSource.class]
22:15:53.460 [Test worker] DEBUG org.springframework.context.annotation.ClassPathScanningCandidateComponentProvider - Ignored because not a concrete top-level class: file [/Users/woochanlee/Desktop/dietBot/my-fork/line-bot-model/build/classes/main/com/linecorp/bot/model/event/source/Source.class]
22:15:53.462 [Test worker] DEBUG org.springframework.context.annotation.ClassPathScanningCandidateComponentProvider - Identified candidate component class: file [/Users/woochanlee/Desktop/dietBot/my-fork/line-bot-model/build/classes/main/com/linecorp/bot/model/event/source/UnknownSource.class]
22:15:53.463 [Test worker] DEBUG org.springframework.context.annotation.ClassPathScanningCandidateComponentProvider - Identified candidate component class: file [/Users/woochanlee/Desktop/dietBot/my-fork/line-bot-model/build/classes/main/com/linecorp/bot/model/event/source/UserSource.class]
22:15:53.489 [Test worker] INFO com.linecorp.bot.model.event.ReplyEventTest - eventClasses = [class com.linecorp.bot.model.event.BeaconEvent, class com.linecorp.bot.model.event.FollowEvent, class com.linecorp.bot.model.event.JoinEvent, class com.linecorp.bot.model.event.LeaveEvent, class com.linecorp.bot.model.event.MessageEvent, class com.linecorp.bot.model.event.PostbackEvent, class com.linecorp.bot.model.event.UnfollowEvent, class com.linecorp.bot.model.event.UnknownEvent]
]]></system-out>
  <system-err><![CDATA[]]></system-err>
</testsuite>
