<?xml version="1.0" encoding="UTF-8"?>
<testsuite name="com.linecorp.bot.model.message.ImagemapMessageTest" tests="1" skipped="0" failures="0" errors="0" timestamp="2017-11-20T14:15:53" hostname="Woos-MacBook-Pro.local" time="0.011">
  <properties/>
  <testcase name="test" classname="com.linecorp.bot.model.message.ImagemapMessageTest" time="0.011"/>
  <system-out><![CDATA[]]></system-out>
  <system-err><![CDATA[]]></system-err>
</testsuite>
