<?xml version="1.0" encoding="UTF-8"?>
<testsuite name="com.example.bot.spring.MenuControllerTest" tests="1" skipped="0" failures="0" errors="0" timestamp="2017-11-20T14:18:29" hostname="Woos-MacBook-Pro.local" time="0.003">
  <properties/>
  <testcase name="testNotFound" classname="com.example.bot.spring.MenuControllerTest" time="0.003"/>
  <system-out><![CDATA[2017-11-20 22:18:19.604  INFO 77666 --- [    Test worker] .b.t.c.SpringBootTestContextBootstrapper : Neither @ContextConfiguration nor @ContextHierarchy found for test class [com.example.bot.spring.MenuControllerTest], using SpringBootContextLoader
2017-11-20 22:18:19.605  INFO 77666 --- [    Test worker] o.s.t.c.support.AbstractContextLoader    : Could not detect default resource locations for test class [com.example.bot.spring.MenuControllerTest]: no resource found for suffixes {-context.xml, Context.groovy}.
2017-11-20 22:18:19.610  INFO 77666 --- [    Test worker] .b.t.c.SpringBootTestContextBootstrapper : Loaded default TestExecutionListener class names from location [META-INF/spring.factories]: [org.springframework.boot.test.mock.mockito.MockitoTestExecutionListener, org.springframework.boot.test.mock.mockito.ResetMocksTestExecutionListener, org.springframework.boot.test.autoconfigure.restdocs.RestDocsTestExecutionListener, org.springframework.boot.test.autoconfigure.web.client.MockRestServiceServerResetTestExecutionListener, org.springframework.boot.test.autoconfigure.web.servlet.MockMvcPrintOnlyOnFailureTestExecutionListener, org.springframework.boot.test.autoconfigure.web.servlet.WebDriverTestExecutionListener, org.springframework.test.context.web.ServletTestExecutionListener, org.springframework.test.context.support.DirtiesContextBeforeModesTestExecutionListener, org.springframework.test.context.support.DependencyInjectionTestExecutionListener, org.springframework.test.context.support.DirtiesContextTestExecutionListener, org.springframework.test.context.transaction.TransactionalTestExecutionListener, org.springframework.test.context.jdbc.SqlScriptsTestExecutionListener]
2017-11-20 22:18:19.613  INFO 77666 --- [    Test worker] .b.t.c.SpringBootTestContextBootstrapper : Using TestExecutionListeners: [org.springframework.test.context.web.ServletTestExecutionListener@64d3a0fe, org.springframework.test.context.support.DirtiesContextBeforeModesTestExecutionListener@6c2b5782, org.springframework.boot.test.autoconfigure.SpringBootDependencyInjectionTestExecutionListener@6db64d21, org.springframework.test.context.support.DirtiesContextTestExecutionListener@136fec6e, org.springframework.test.context.transaction.TransactionalTestExecutionListener@6a426aad, org.springframework.test.context.jdbc.SqlScriptsTestExecutionListener@5c63a720, org.springframework.boot.test.mock.mockito.MockitoTestExecutionListener@36336c8, org.springframework.boot.test.autoconfigure.restdocs.RestDocsTestExecutionListener@6f03b656, org.springframework.boot.test.autoconfigure.web.servlet.WebDriverTestExecutionListener@16edbe19, org.springframework.boot.test.autoconfigure.web.client.MockRestServiceServerResetTestExecutionListener@57f64143, org.springframework.boot.test.autoconfigure.web.servlet.MockMvcPrintOnlyOnFailureTestExecutionListener@4db9e803, org.springframework.boot.test.mock.mockito.ResetMocksTestExecutionListener@3ffa46e4]

  .   ____          _            __ _ _
 /\\ / ___'_ __ _ _(_)_ __  __ _ \ \ \ \
( ( )\___ | '_ | '_| | '_ \/ _` | \ \ \ \
 \\/  ___)| |_)| | | | | || (_| |  ) ) ) )
  '  |____| .__|_| |_|_| |_\__, | / / / /
 =========|_|==============|___/=/_/_/_/
 :: Spring Boot ::        (v1.4.2.RELEASE)

2017-11-20 22:18:29.676  INFO 77666 --- [    Test worker] c.example.bot.spring.MenuControllerTest  : Starting MenuControllerTest on Woos-MacBook-Pro.local with PID 77666 (started by woochanlee in /Users/woochanlee/Desktop/dietBot/my-fork/sample-spring-boot-kitchensink)
2017-11-20 22:18:29.677  INFO 77666 --- [    Test worker] c.example.bot.spring.MenuControllerTest  : No active profile set, falling back to default profiles: default
2017-11-20 22:18:29.681  INFO 77666 --- [    Test worker] o.s.w.c.s.GenericWebApplicationContext   : Refreshing org.springframework.web.context.support.GenericWebApplicationContext@5864385e: startup date [Mon Nov 20 22:18:29 HKT 2017]; root of context hierarchy
2017-11-20 22:18:29.713  INFO 77666 --- [    Test worker] c.example.bot.spring.MenuControllerTest  : Started MenuControllerTest in 10.092 seconds (JVM running for 114.528)
]]></system-out>
  <system-err><![CDATA[]]></system-err>
</testsuite>
