<?xml version="1.0" encoding="UTF-8"?>
<testsuite name="com.example.bot.spring.MealTest" tests="1" skipped="0" failures="0" errors="0" timestamp="2017-11-20T14:18:19" hostname="Woos-MacBook-Pro.local" time="0.003">
  <properties/>
  <testcase name="testNotFound" classname="com.example.bot.spring.MealTest" time="0.003"/>
  <system-out><![CDATA[2017-11-20 22:18:09.462  INFO 77666 --- [    Test worker] .b.t.c.SpringBootTestContextBootstrapper : Neither @ContextConfiguration nor @ContextHierarchy found for test class [com.example.bot.spring.MealTest], using SpringBootContextLoader
2017-11-20 22:18:09.463  INFO 77666 --- [    Test worker] o.s.t.c.support.AbstractContextLoader    : Could not detect default resource locations for test class [com.example.bot.spring.MealTest]: no resource found for suffixes {-context.xml, Context.groovy}.
2017-11-20 22:18:09.468  INFO 77666 --- [    Test worker] .b.t.c.SpringBootTestContextBootstrapper : Loaded default TestExecutionListener class names from location [META-INF/spring.factories]: [org.springframework.boot.test.mock.mockito.MockitoTestExecutionListener, org.springframework.boot.test.mock.mockito.ResetMocksTestExecutionListener, org.springframework.boot.test.autoconfigure.restdocs.RestDocsTestExecutionListener, org.springframework.boot.test.autoconfigure.web.client.MockRestServiceServerResetTestExecutionListener, org.springframework.boot.test.autoconfigure.web.servlet.MockMvcPrintOnlyOnFailureTestExecutionListener, org.springframework.boot.test.autoconfigure.web.servlet.WebDriverTestExecutionListener, org.springframework.test.context.web.ServletTestExecutionListener, org.springframework.test.context.support.DirtiesContextBeforeModesTestExecutionListener, org.springframework.test.context.support.DependencyInjectionTestExecutionListener, org.springframework.test.context.support.DirtiesContextTestExecutionListener, org.springframework.test.context.transaction.TransactionalTestExecutionListener, org.springframework.test.context.jdbc.SqlScriptsTestExecutionListener]
2017-11-20 22:18:09.476  INFO 77666 --- [    Test worker] .b.t.c.SpringBootTestContextBootstrapper : Using TestExecutionListeners: [org.springframework.test.context.web.ServletTestExecutionListener@3b3503bd, org.springframework.test.context.support.DirtiesContextBeforeModesTestExecutionListener@3dbabfb1, org.springframework.boot.test.autoconfigure.SpringBootDependencyInjectionTestExecutionListener@4f12f2e9, org.springframework.test.context.support.DirtiesContextTestExecutionListener@33394a9f, org.springframework.test.context.transaction.TransactionalTestExecutionListener@20028fae, org.springframework.test.context.jdbc.SqlScriptsTestExecutionListener@48adfb28, org.springframework.boot.test.mock.mockito.MockitoTestExecutionListener@1070dd6e, org.springframework.boot.test.autoconfigure.restdocs.RestDocsTestExecutionListener@69e4104d, org.springframework.boot.test.autoconfigure.web.servlet.WebDriverTestExecutionListener@5daf9d20, org.springframework.boot.test.autoconfigure.web.client.MockRestServiceServerResetTestExecutionListener@7a7c5906, org.springframework.boot.test.autoconfigure.web.servlet.MockMvcPrintOnlyOnFailureTestExecutionListener@6cf1708a, org.springframework.boot.test.mock.mockito.ResetMocksTestExecutionListener@25de7321]

  .   ____          _            __ _ _
 /\\ / ___'_ __ _ _(_)_ __  __ _ \ \ \ \
( ( )\___ | '_ | '_| | '_ \/ _` | \ \ \ \
 \\/  ___)| |_)| | | | | || (_| |  ) ) ) )
  '  |____| .__|_| |_|_| |_\__, | / / / /
 =========|_|==============|___/=/_/_/_/
 :: Spring Boot ::        (v1.4.2.RELEASE)

2017-11-20 22:18:19.550  INFO 77666 --- [    Test worker] com.example.bot.spring.MealTest          : Starting MealTest on Woos-MacBook-Pro.local with PID 77666 (started by woochanlee in /Users/woochanlee/Desktop/dietBot/my-fork/sample-spring-boot-kitchensink)
2017-11-20 22:18:19.550  INFO 77666 --- [    Test worker] com.example.bot.spring.MealTest          : No active profile set, falling back to default profiles: default
2017-11-20 22:18:19.556  INFO 77666 --- [    Test worker] o.s.w.c.s.GenericWebApplicationContext   : Refreshing org.springframework.web.context.support.GenericWebApplicationContext@2f36a7a7: startup date [Mon Nov 20 22:18:19 HKT 2017]; root of context hierarchy
2017-11-20 22:18:19.594  INFO 77666 --- [    Test worker] com.example.bot.spring.MealTest          : Started MealTest in 10.103 seconds (JVM running for 104.409)
]]></system-out>
  <system-err><![CDATA[]]></system-err>
</testsuite>
