<?xml version="1.0" encoding="UTF-8"?>
<testsuite name="com.example.bot.spring.UserTest" tests="6" skipped="0" failures="0" errors="0" timestamp="2017-11-20T14:19:01" hostname="Woos-MacBook-Pro.local" time="0.506">
  <properties/>
  <testcase name="testOutputMeal" classname="com.example.bot.spring.UserTest" time="0.065"/>
  <testcase name="testShowDailyProgress" classname="com.example.bot.spring.UserTest" time="0.162"/>
  <testcase name="testInputInterest" classname="com.example.bot.spring.UserTest" time="0.063"/>
  <testcase name="testOutputGeneral" classname="com.example.bot.spring.UserTest" time="0.059"/>
  <testcase name="testOutputWeight" classname="com.example.bot.spring.UserTest" time="0.074"/>
  <testcase name="testOutputInterest" classname="com.example.bot.spring.UserTest" time="0.072"/>
  <system-out><![CDATA[2017-11-20 22:19:01.357  INFO 77666 --- [    Test worker] .b.t.c.SpringBootTestContextBootstrapper : Neither @ContextConfiguration nor @ContextHierarchy found for test class [com.example.bot.spring.UserTest], using SpringBootContextLoader
2017-11-20 22:19:01.358  INFO 77666 --- [    Test worker] o.s.t.c.support.AbstractContextLoader    : Could not detect default resource locations for test class [com.example.bot.spring.UserTest]: no resource found for suffixes {-context.xml, Context.groovy}.
2017-11-20 22:19:01.363  INFO 77666 --- [    Test worker] .b.t.c.SpringBootTestContextBootstrapper : Using TestExecutionListeners: [org.springframework.test.context.support.DependencyInjectionTestExecutionListener@39ae6991, org.springframework.test.context.support.DirtiesContextTestExecutionListener@327884ee, org.springframework.test.context.transaction.TransactionalTestExecutionListener@688e51e2]
2017-11-20 22:19:01.392  INFO 77666 --- [    Test worker] o.s.t.c.transaction.TransactionContext   : Began transaction (1) for test context [DefaultTestContext@56ed0e85 testClass = UserTest, testInstance = com.example.bot.spring.UserTest@129158ad, testMethod = testOutputMeal@UserTest, testException = [null], mergedContextConfiguration = [WebMergedContextConfiguration@4c886421 testClass = UserTest, locations = '{}', classes = '{class com.example.bot.spring.RepoFactory4Test, class com.example.bot.spring.InputToFoodTest, class com.example.bot.spring.controllers.InputToFood, class com.example.bot.spring.controllers.MenuController, class com.example.bot.spring.DatabaseInitializer, class com.example.bot.spring.controllers.User, class com.example.bot.spring.RepoFactory4Test, class com.example.bot.spring.InputToFoodTest, class com.example.bot.spring.controllers.InputToFood, class com.example.bot.spring.controllers.MenuController, class com.example.bot.spring.DatabaseInitializer, class com.example.bot.spring.controllers.User}', contextInitializerClasses = '[]', activeProfiles = '{}', propertySourceLocations = '{}', propertySourceProperties = '{org.springframework.boot.test.context.SpringBootTestContextBootstrapper=true}', contextCustomizers = set[org.springframework.boot.test.context.SpringBootTestContextCustomizer@5d20fabe, org.springframework.boot.test.context.filter.ExcludeFilterContextCustomizer@51c7f865, org.springframework.boot.test.mock.mockito.MockitoContextCustomizer@0, org.springframework.boot.test.autoconfigure.properties.PropertyMappingContextCustomizer@0, org.springframework.boot.test.autoconfigure.web.servlet.WebDriverContextCustomizerFactory$Customizer@3dc72bb7], resourceBasePath = 'src/main/webapp', contextLoader = 'org.springframework.boot.test.context.SpringBootContextLoader', parent = [null]]]; transaction manager [org.springframework.orm.jpa.JpaTransactionManager@7804a99]; rollback [true]
2017-11-20 22:19:01.454  INFO 77666 --- [    Test worker] o.s.t.c.transaction.TransactionContext   : Rolled back transaction for test context [DefaultTestContext@56ed0e85 testClass = UserTest, testInstance = com.example.bot.spring.UserTest@129158ad, testMethod = testOutputMeal@UserTest, testException = [null], mergedContextConfiguration = [WebMergedContextConfiguration@4c886421 testClass = UserTest, locations = '{}', classes = '{class com.example.bot.spring.RepoFactory4Test, class com.example.bot.spring.InputToFoodTest, class com.example.bot.spring.controllers.InputToFood, class com.example.bot.spring.controllers.MenuController, class com.example.bot.spring.DatabaseInitializer, class com.example.bot.spring.controllers.User, class com.example.bot.spring.RepoFactory4Test, class com.example.bot.spring.InputToFoodTest, class com.example.bot.spring.controllers.InputToFood, class com.example.bot.spring.controllers.MenuController, class com.example.bot.spring.DatabaseInitializer, class com.example.bot.spring.controllers.User}', contextInitializerClasses = '[]', activeProfiles = '{}', propertySourceLocations = '{}', propertySourceProperties = '{org.springframework.boot.test.context.SpringBootTestContextBootstrapper=true}', contextCustomizers = set[org.springframework.boot.test.context.SpringBootTestContextCustomizer@5d20fabe, org.springframework.boot.test.context.filter.ExcludeFilterContextCustomizer@51c7f865, org.springframework.boot.test.mock.mockito.MockitoContextCustomizer@0, org.springframework.boot.test.autoconfigure.properties.PropertyMappingContextCustomizer@0, org.springframework.boot.test.autoconfigure.web.servlet.WebDriverContextCustomizerFactory$Customizer@3dc72bb7], resourceBasePath = 'src/main/webapp', contextLoader = 'org.springframework.boot.test.context.SpringBootContextLoader', parent = [null]]].
2017-11-20 22:19:01.458  INFO 77666 --- [    Test worker] o.s.t.c.transaction.TransactionContext   : Began transaction (1) for test context [DefaultTestContext@56ed0e85 testClass = UserTest, testInstance = com.example.bot.spring.UserTest@3a283ea1, testMethod = testShowDailyProgress@UserTest, testException = [null], mergedContextConfiguration = [WebMergedContextConfiguration@4c886421 testClass = UserTest, locations = '{}', classes = '{class com.example.bot.spring.RepoFactory4Test, class com.example.bot.spring.InputToFoodTest, class com.example.bot.spring.controllers.InputToFood, class com.example.bot.spring.controllers.MenuController, class com.example.bot.spring.DatabaseInitializer, class com.example.bot.spring.controllers.User, class com.example.bot.spring.RepoFactory4Test, class com.example.bot.spring.InputToFoodTest, class com.example.bot.spring.controllers.InputToFood, class com.example.bot.spring.controllers.MenuController, class com.example.bot.spring.DatabaseInitializer, class com.example.bot.spring.controllers.User}', contextInitializerClasses = '[]', activeProfiles = '{}', propertySourceLocations = '{}', propertySourceProperties = '{org.springframework.boot.test.context.SpringBootTestContextBootstrapper=true}', contextCustomizers = set[org.springframework.boot.test.context.SpringBootTestContextCustomizer@5d20fabe, org.springframework.boot.test.context.filter.ExcludeFilterContextCustomizer@51c7f865, org.springframework.boot.test.mock.mockito.MockitoContextCustomizer@0, org.springframework.boot.test.autoconfigure.properties.PropertyMappingContextCustomizer@0, org.springframework.boot.test.autoconfigure.web.servlet.WebDriverContextCustomizerFactory$Customizer@3dc72bb7], resourceBasePath = 'src/main/webapp', contextLoader = 'org.springframework.boot.test.context.SpringBootContextLoader', parent = [null]]]; transaction manager [org.springframework.orm.jpa.JpaTransactionManager@7804a99]; rollback [true]
2017-11-20 22:19:01.618  INFO 77666 --- [    Test worker] o.s.t.c.transaction.TransactionContext   : Rolled back transaction for test context [DefaultTestContext@56ed0e85 testClass = UserTest, testInstance = com.example.bot.spring.UserTest@3a283ea1, testMethod = testShowDailyProgress@UserTest, testException = [null], mergedContextConfiguration = [WebMergedContextConfiguration@4c886421 testClass = UserTest, locations = '{}', classes = '{class com.example.bot.spring.RepoFactory4Test, class com.example.bot.spring.InputToFoodTest, class com.example.bot.spring.controllers.InputToFood, class com.example.bot.spring.controllers.MenuController, class com.example.bot.spring.DatabaseInitializer, class com.example.bot.spring.controllers.User, class com.example.bot.spring.RepoFactory4Test, class com.example.bot.spring.InputToFoodTest, class com.example.bot.spring.controllers.InputToFood, class com.example.bot.spring.controllers.MenuController, class com.example.bot.spring.DatabaseInitializer, class com.example.bot.spring.controllers.User}', contextInitializerClasses = '[]', activeProfiles = '{}', propertySourceLocations = '{}', propertySourceProperties = '{org.springframework.boot.test.context.SpringBootTestContextBootstrapper=true}', contextCustomizers = set[org.springframework.boot.test.context.SpringBootTestContextCustomizer@5d20fabe, org.springframework.boot.test.context.filter.ExcludeFilterContextCustomizer@51c7f865, org.springframework.boot.test.mock.mockito.MockitoContextCustomizer@0, org.springframework.boot.test.autoconfigure.properties.PropertyMappingContextCustomizer@0, org.springframework.boot.test.autoconfigure.web.servlet.WebDriverContextCustomizerFactory$Customizer@3dc72bb7], resourceBasePath = 'src/main/webapp', contextLoader = 'org.springframework.boot.test.context.SpringBootContextLoader', parent = [null]]].
2017-11-20 22:19:01.621  INFO 77666 --- [    Test worker] o.s.t.c.transaction.TransactionContext   : Began transaction (1) for test context [DefaultTestContext@56ed0e85 testClass = UserTest, testInstance = com.example.bot.spring.UserTest@500f05a3, testMethod = testInputInterest@UserTest, testException = [null], mergedContextConfiguration = [WebMergedContextConfiguration@4c886421 testClass = UserTest, locations = '{}', classes = '{class com.example.bot.spring.RepoFactory4Test, class com.example.bot.spring.InputToFoodTest, class com.example.bot.spring.controllers.InputToFood, class com.example.bot.spring.controllers.MenuController, class com.example.bot.spring.DatabaseInitializer, class com.example.bot.spring.controllers.User, class com.example.bot.spring.RepoFactory4Test, class com.example.bot.spring.InputToFoodTest, class com.example.bot.spring.controllers.InputToFood, class com.example.bot.spring.controllers.MenuController, class com.example.bot.spring.DatabaseInitializer, class com.example.bot.spring.controllers.User}', contextInitializerClasses = '[]', activeProfiles = '{}', propertySourceLocations = '{}', propertySourceProperties = '{org.springframework.boot.test.context.SpringBootTestContextBootstrapper=true}', contextCustomizers = set[org.springframework.boot.test.context.SpringBootTestContextCustomizer@5d20fabe, org.springframework.boot.test.context.filter.ExcludeFilterContextCustomizer@51c7f865, org.springframework.boot.test.mock.mockito.MockitoContextCustomizer@0, org.springframework.boot.test.autoconfigure.properties.PropertyMappingContextCustomizer@0, org.springframework.boot.test.autoconfigure.web.servlet.WebDriverContextCustomizerFactory$Customizer@3dc72bb7], resourceBasePath = 'src/main/webapp', contextLoader = 'org.springframework.boot.test.context.SpringBootContextLoader', parent = [null]]]; transaction manager [org.springframework.orm.jpa.JpaTransactionManager@7804a99]; rollback [true]
2017-11-20 22:19:01.683  INFO 77666 --- [    Test worker] o.s.t.c.transaction.TransactionContext   : Rolled back transaction for test context [DefaultTestContext@56ed0e85 testClass = UserTest, testInstance = com.example.bot.spring.UserTest@500f05a3, testMethod = testInputInterest@UserTest, testException = [null], mergedContextConfiguration = [WebMergedContextConfiguration@4c886421 testClass = UserTest, locations = '{}', classes = '{class com.example.bot.spring.RepoFactory4Test, class com.example.bot.spring.InputToFoodTest, class com.example.bot.spring.controllers.InputToFood, class com.example.bot.spring.controllers.MenuController, class com.example.bot.spring.DatabaseInitializer, class com.example.bot.spring.controllers.User, class com.example.bot.spring.RepoFactory4Test, class com.example.bot.spring.InputToFoodTest, class com.example.bot.spring.controllers.InputToFood, class com.example.bot.spring.controllers.MenuController, class com.example.bot.spring.DatabaseInitializer, class com.example.bot.spring.controllers.User}', contextInitializerClasses = '[]', activeProfiles = '{}', propertySourceLocations = '{}', propertySourceProperties = '{org.springframework.boot.test.context.SpringBootTestContextBootstrapper=true}', contextCustomizers = set[org.springframework.boot.test.context.SpringBootTestContextCustomizer@5d20fabe, org.springframework.boot.test.context.filter.ExcludeFilterContextCustomizer@51c7f865, org.springframework.boot.test.mock.mockito.MockitoContextCustomizer@0, org.springframework.boot.test.autoconfigure.properties.PropertyMappingContextCustomizer@0, org.springframework.boot.test.autoconfigure.web.servlet.WebDriverContextCustomizerFactory$Customizer@3dc72bb7], resourceBasePath = 'src/main/webapp', contextLoader = 'org.springframework.boot.test.context.SpringBootContextLoader', parent = [null]]].
2017-11-20 22:19:01.686  INFO 77666 --- [    Test worker] o.s.t.c.transaction.TransactionContext   : Began transaction (1) for test context [DefaultTestContext@56ed0e85 testClass = UserTest, testInstance = com.example.bot.spring.UserTest@67fa8056, testMethod = testOutputGeneral@UserTest, testException = [null], mergedContextConfiguration = [WebMergedContextConfiguration@4c886421 testClass = UserTest, locations = '{}', classes = '{class com.example.bot.spring.RepoFactory4Test, class com.example.bot.spring.InputToFoodTest, class com.example.bot.spring.controllers.InputToFood, class com.example.bot.spring.controllers.MenuController, class com.example.bot.spring.DatabaseInitializer, class com.example.bot.spring.controllers.User, class com.example.bot.spring.RepoFactory4Test, class com.example.bot.spring.InputToFoodTest, class com.example.bot.spring.controllers.InputToFood, class com.example.bot.spring.controllers.MenuController, class com.example.bot.spring.DatabaseInitializer, class com.example.bot.spring.controllers.User}', contextInitializerClasses = '[]', activeProfiles = '{}', propertySourceLocations = '{}', propertySourceProperties = '{org.springframework.boot.test.context.SpringBootTestContextBootstrapper=true}', contextCustomizers = set[org.springframework.boot.test.context.SpringBootTestContextCustomizer@5d20fabe, org.springframework.boot.test.context.filter.ExcludeFilterContextCustomizer@51c7f865, org.springframework.boot.test.mock.mockito.MockitoContextCustomizer@0, org.springframework.boot.test.autoconfigure.properties.PropertyMappingContextCustomizer@0, org.springframework.boot.test.autoconfigure.web.servlet.WebDriverContextCustomizerFactory$Customizer@3dc72bb7], resourceBasePath = 'src/main/webapp', contextLoader = 'org.springframework.boot.test.context.SpringBootContextLoader', parent = [null]]]; transaction manager [org.springframework.orm.jpa.JpaTransactionManager@7804a99]; rollback [true]
2017-11-20 22:19:01.742  INFO 77666 --- [    Test worker] o.s.t.c.transaction.TransactionContext   : Rolled back transaction for test context [DefaultTestContext@56ed0e85 testClass = UserTest, testInstance = com.example.bot.spring.UserTest@67fa8056, testMethod = testOutputGeneral@UserTest, testException = [null], mergedContextConfiguration = [WebMergedContextConfiguration@4c886421 testClass = UserTest, locations = '{}', classes = '{class com.example.bot.spring.RepoFactory4Test, class com.example.bot.spring.InputToFoodTest, class com.example.bot.spring.controllers.InputToFood, class com.example.bot.spring.controllers.MenuController, class com.example.bot.spring.DatabaseInitializer, class com.example.bot.spring.controllers.User, class com.example.bot.spring.RepoFactory4Test, class com.example.bot.spring.InputToFoodTest, class com.example.bot.spring.controllers.InputToFood, class com.example.bot.spring.controllers.MenuController, class com.example.bot.spring.DatabaseInitializer, class com.example.bot.spring.controllers.User}', contextInitializerClasses = '[]', activeProfiles = '{}', propertySourceLocations = '{}', propertySourceProperties = '{org.springframework.boot.test.context.SpringBootTestContextBootstrapper=true}', contextCustomizers = set[org.springframework.boot.test.context.SpringBootTestContextCustomizer@5d20fabe, org.springframework.boot.test.context.filter.ExcludeFilterContextCustomizer@51c7f865, org.springframework.boot.test.mock.mockito.MockitoContextCustomizer@0, org.springframework.boot.test.autoconfigure.properties.PropertyMappingContextCustomizer@0, org.springframework.boot.test.autoconfigure.web.servlet.WebDriverContextCustomizerFactory$Customizer@3dc72bb7], resourceBasePath = 'src/main/webapp', contextLoader = 'org.springframework.boot.test.context.SpringBootContextLoader', parent = [null]]].
2017-11-20 22:19:01.750  INFO 77666 --- [    Test worker] o.s.t.c.transaction.TransactionContext   : Began transaction (1) for test context [DefaultTestContext@56ed0e85 testClass = UserTest, testInstance = com.example.bot.spring.UserTest@5d3a7e90, testMethod = testOutputWeight@UserTest, testException = [null], mergedContextConfiguration = [WebMergedContextConfiguration@4c886421 testClass = UserTest, locations = '{}', classes = '{class com.example.bot.spring.RepoFactory4Test, class com.example.bot.spring.InputToFoodTest, class com.example.bot.spring.controllers.InputToFood, class com.example.bot.spring.controllers.MenuController, class com.example.bot.spring.DatabaseInitializer, class com.example.bot.spring.controllers.User, class com.example.bot.spring.RepoFactory4Test, class com.example.bot.spring.InputToFoodTest, class com.example.bot.spring.controllers.InputToFood, class com.example.bot.spring.controllers.MenuController, class com.example.bot.spring.DatabaseInitializer, class com.example.bot.spring.controllers.User}', contextInitializerClasses = '[]', activeProfiles = '{}', propertySourceLocations = '{}', propertySourceProperties = '{org.springframework.boot.test.context.SpringBootTestContextBootstrapper=true}', contextCustomizers = set[org.springframework.boot.test.context.SpringBootTestContextCustomizer@5d20fabe, org.springframework.boot.test.context.filter.ExcludeFilterContextCustomizer@51c7f865, org.springframework.boot.test.mock.mockito.MockitoContextCustomizer@0, org.springframework.boot.test.autoconfigure.properties.PropertyMappingContextCustomizer@0, org.springframework.boot.test.autoconfigure.web.servlet.WebDriverContextCustomizerFactory$Customizer@3dc72bb7], resourceBasePath = 'src/main/webapp', contextLoader = 'org.springframework.boot.test.context.SpringBootContextLoader', parent = [null]]]; transaction manager [org.springframework.orm.jpa.JpaTransactionManager@7804a99]; rollback [true]
2017-11-20 22:19:01.821  INFO 77666 --- [    Test worker] o.s.t.c.transaction.TransactionContext   : Rolled back transaction for test context [DefaultTestContext@56ed0e85 testClass = UserTest, testInstance = com.example.bot.spring.UserTest@5d3a7e90, testMethod = testOutputWeight@UserTest, testException = [null], mergedContextConfiguration = [WebMergedContextConfiguration@4c886421 testClass = UserTest, locations = '{}', classes = '{class com.example.bot.spring.RepoFactory4Test, class com.example.bot.spring.InputToFoodTest, class com.example.bot.spring.controllers.InputToFood, class com.example.bot.spring.controllers.MenuController, class com.example.bot.spring.DatabaseInitializer, class com.example.bot.spring.controllers.User, class com.example.bot.spring.RepoFactory4Test, class com.example.bot.spring.InputToFoodTest, class com.example.bot.spring.controllers.InputToFood, class com.example.bot.spring.controllers.MenuController, class com.example.bot.spring.DatabaseInitializer, class com.example.bot.spring.controllers.User}', contextInitializerClasses = '[]', activeProfiles = '{}', propertySourceLocations = '{}', propertySourceProperties = '{org.springframework.boot.test.context.SpringBootTestContextBootstrapper=true}', contextCustomizers = set[org.springframework.boot.test.context.SpringBootTestContextCustomizer@5d20fabe, org.springframework.boot.test.context.filter.ExcludeFilterContextCustomizer@51c7f865, org.springframework.boot.test.mock.mockito.MockitoContextCustomizer@0, org.springframework.boot.test.autoconfigure.properties.PropertyMappingContextCustomizer@0, org.springframework.boot.test.autoconfigure.web.servlet.WebDriverContextCustomizerFactory$Customizer@3dc72bb7], resourceBasePath = 'src/main/webapp', contextLoader = 'org.springframework.boot.test.context.SpringBootContextLoader', parent = [null]]].
2017-11-20 22:19:01.828  INFO 77666 --- [    Test worker] o.s.t.c.transaction.TransactionContext   : Began transaction (1) for test context [DefaultTestContext@56ed0e85 testClass = UserTest, testInstance = com.example.bot.spring.UserTest@4cc1f93d, testMethod = testOutputInterest@UserTest, testException = [null], mergedContextConfiguration = [WebMergedContextConfiguration@4c886421 testClass = UserTest, locations = '{}', classes = '{class com.example.bot.spring.RepoFactory4Test, class com.example.bot.spring.InputToFoodTest, class com.example.bot.spring.controllers.InputToFood, class com.example.bot.spring.controllers.MenuController, class com.example.bot.spring.DatabaseInitializer, class com.example.bot.spring.controllers.User, class com.example.bot.spring.RepoFactory4Test, class com.example.bot.spring.InputToFoodTest, class com.example.bot.spring.controllers.InputToFood, class com.example.bot.spring.controllers.MenuController, class com.example.bot.spring.DatabaseInitializer, class com.example.bot.spring.controllers.User}', contextInitializerClasses = '[]', activeProfiles = '{}', propertySourceLocations = '{}', propertySourceProperties = '{org.springframework.boot.test.context.SpringBootTestContextBootstrapper=true}', contextCustomizers = set[org.springframework.boot.test.context.SpringBootTestContextCustomizer@5d20fabe, org.springframework.boot.test.context.filter.ExcludeFilterContextCustomizer@51c7f865, org.springframework.boot.test.mock.mockito.MockitoContextCustomizer@0, org.springframework.boot.test.autoconfigure.properties.PropertyMappingContextCustomizer@0, org.springframework.boot.test.autoconfigure.web.servlet.WebDriverContextCustomizerFactory$Customizer@3dc72bb7], resourceBasePath = 'src/main/webapp', contextLoader = 'org.springframework.boot.test.context.SpringBootContextLoader', parent = [null]]]; transaction manager [org.springframework.orm.jpa.JpaTransactionManager@7804a99]; rollback [true]
2017-11-20 22:19:01.895  INFO 77666 --- [    Test worker] o.s.t.c.transaction.TransactionContext   : Rolled back transaction for test context [DefaultTestContext@56ed0e85 testClass = UserTest, testInstance = com.example.bot.spring.UserTest@4cc1f93d, testMethod = testOutputInterest@UserTest, testException = [null], mergedContextConfiguration = [WebMergedContextConfiguration@4c886421 testClass = UserTest, locations = '{}', classes = '{class com.example.bot.spring.RepoFactory4Test, class com.example.bot.spring.InputToFoodTest, class com.example.bot.spring.controllers.InputToFood, class com.example.bot.spring.controllers.MenuController, class com.example.bot.spring.DatabaseInitializer, class com.example.bot.spring.controllers.User, class com.example.bot.spring.RepoFactory4Test, class com.example.bot.spring.InputToFoodTest, class com.example.bot.spring.controllers.InputToFood, class com.example.bot.spring.controllers.MenuController, class com.example.bot.spring.DatabaseInitializer, class com.example.bot.spring.controllers.User}', contextInitializerClasses = '[]', activeProfiles = '{}', propertySourceLocations = '{}', propertySourceProperties = '{org.springframework.boot.test.context.SpringBootTestContextBootstrapper=true}', contextCustomizers = set[org.springframework.boot.test.context.SpringBootTestContextCustomizer@5d20fabe, org.springframework.boot.test.context.filter.ExcludeFilterContextCustomizer@51c7f865, org.springframework.boot.test.mock.mockito.MockitoContextCustomizer@0, org.springframework.boot.test.autoconfigure.properties.PropertyMappingContextCustomizer@0, org.springframework.boot.test.autoconfigure.web.servlet.WebDriverContextCustomizerFactory$Customizer@3dc72bb7], resourceBasePath = 'src/main/webapp', contextLoader = 'org.springframework.boot.test.context.SpringBootContextLoader', parent = [null]]].
]]></system-out>
  <system-err><![CDATA[]]></system-err>
</testsuite>
