<?xml version="1.0" encoding="UTF-8"?>
<testsuite name="com.example.bot.spring.FoodTest" tests="1" skipped="0" failures="0" errors="0" timestamp="2017-11-20T14:17:05" hostname="Woos-MacBook-Pro.local" time="0.006">
  <properties/>
  <testcase name="testNotFound" classname="com.example.bot.spring.FoodTest" time="0.006"/>
  <system-out><![CDATA[2017-11-20 22:16:55.579  INFO 77666 --- [    Test worker] .b.t.c.SpringBootTestContextBootstrapper : Neither @ContextConfiguration nor @ContextHierarchy found for test class [com.example.bot.spring.FoodTest], using SpringBootContextLoader
2017-11-20 22:16:55.580  INFO 77666 --- [    Test worker] o.s.t.c.support.AbstractContextLoader    : Could not detect default resource locations for test class [com.example.bot.spring.FoodTest]: no resource found for suffixes {-context.xml, Context.groovy}.
2017-11-20 22:16:55.599  INFO 77666 --- [    Test worker] .b.t.c.SpringBootTestContextBootstrapper : Loaded default TestExecutionListener class names from location [META-INF/spring.factories]: [org.springframework.boot.test.mock.mockito.MockitoTestExecutionListener, org.springframework.boot.test.mock.mockito.ResetMocksTestExecutionListener, org.springframework.boot.test.autoconfigure.restdocs.RestDocsTestExecutionListener, org.springframework.boot.test.autoconfigure.web.client.MockRestServiceServerResetTestExecutionListener, org.springframework.boot.test.autoconfigure.web.servlet.MockMvcPrintOnlyOnFailureTestExecutionListener, org.springframework.boot.test.autoconfigure.web.servlet.WebDriverTestExecutionListener, org.springframework.test.context.web.ServletTestExecutionListener, org.springframework.test.context.support.DirtiesContextBeforeModesTestExecutionListener, org.springframework.test.context.support.DependencyInjectionTestExecutionListener, org.springframework.test.context.support.DirtiesContextTestExecutionListener, org.springframework.test.context.transaction.TransactionalTestExecutionListener, org.springframework.test.context.jdbc.SqlScriptsTestExecutionListener]
2017-11-20 22:16:55.606  INFO 77666 --- [    Test worker] .b.t.c.SpringBootTestContextBootstrapper : Using TestExecutionListeners: [org.springframework.test.context.web.ServletTestExecutionListener@5ed441, org.springframework.test.context.support.DirtiesContextBeforeModesTestExecutionListener@225561d4, org.springframework.boot.test.autoconfigure.SpringBootDependencyInjectionTestExecutionListener@7ce51413, org.springframework.test.context.support.DirtiesContextTestExecutionListener@3e20ee47, org.springframework.test.context.transaction.TransactionalTestExecutionListener@482ad91e, org.springframework.test.context.jdbc.SqlScriptsTestExecutionListener@41f84a0e, org.springframework.boot.test.mock.mockito.MockitoTestExecutionListener@15e99bae, org.springframework.boot.test.autoconfigure.restdocs.RestDocsTestExecutionListener@2c020d82, org.springframework.boot.test.autoconfigure.web.servlet.WebDriverTestExecutionListener@32fec335, org.springframework.boot.test.autoconfigure.web.client.MockRestServiceServerResetTestExecutionListener@3155575e, org.springframework.boot.test.autoconfigure.web.servlet.MockMvcPrintOnlyOnFailureTestExecutionListener@68b88e31, org.springframework.boot.test.mock.mockito.ResetMocksTestExecutionListener@54eae0b9]

  .   ____          _            __ _ _
 /\\ / ___'_ __ _ _(_)_ __  __ _ \ \ \ \
( ( )\___ | '_ | '_| | '_ \/ _` | \ \ \ \
 \\/  ___)| |_)| | | | | || (_| |  ) ) ) )
  '  |____| .__|_| |_|_| |_\__, | / / / /
 =========|_|==============|___/=/_/_/_/
 :: Spring Boot ::        (v1.4.2.RELEASE)

2017-11-20 22:17:05.780  INFO 77666 --- [    Test worker] com.example.bot.spring.FoodTest          : Starting FoodTest on Woos-MacBook-Pro.local with PID 77666 (started by woochanlee in /Users/woochanlee/Desktop/dietBot/my-fork/sample-spring-boot-kitchensink)
2017-11-20 22:17:05.781  INFO 77666 --- [    Test worker] com.example.bot.spring.FoodTest          : No active profile set, falling back to default profiles: default
2017-11-20 22:17:05.792  INFO 77666 --- [    Test worker] o.s.w.c.s.GenericWebApplicationContext   : Refreshing org.springframework.web.context.support.GenericWebApplicationContext@4b1b45cf: startup date [Mon Nov 20 22:17:05 HKT 2017]; root of context hierarchy
2017-11-20 22:17:05.868  INFO 77666 --- [    Test worker] com.example.bot.spring.FoodTest          : Started FoodTest in 10.236 seconds (JVM running for 30.683)
]]></system-out>
  <system-err><![CDATA[]]></system-err>
</testsuite>
