<?xml version="1.0" encoding="UTF-8"?>
<testsuite name="com.example.bot.spring.WeightTest" tests="1" skipped="0" failures="0" errors="0" timestamp="2017-11-20T14:19:12" hostname="Woos-MacBook-Pro.local" time="0.003">
  <properties/>
  <testcase name="testNotFound" classname="com.example.bot.spring.WeightTest" time="0.003"/>
  <system-out><![CDATA[2017-11-20 22:19:01.900  INFO 77666 --- [    Test worker] .b.t.c.SpringBootTestContextBootstrapper : Neither @ContextConfiguration nor @ContextHierarchy found for test class [com.example.bot.spring.WeightTest], using SpringBootContextLoader
2017-11-20 22:19:01.902  INFO 77666 --- [    Test worker] o.s.t.c.support.AbstractContextLoader    : Could not detect default resource locations for test class [com.example.bot.spring.WeightTest]: no resource found for suffixes {-context.xml, Context.groovy}.
2017-11-20 22:19:01.909  INFO 77666 --- [    Test worker] .b.t.c.SpringBootTestContextBootstrapper : Loaded default TestExecutionListener class names from location [META-INF/spring.factories]: [org.springframework.boot.test.mock.mockito.MockitoTestExecutionListener, org.springframework.boot.test.mock.mockito.ResetMocksTestExecutionListener, org.springframework.boot.test.autoconfigure.restdocs.RestDocsTestExecutionListener, org.springframework.boot.test.autoconfigure.web.client.MockRestServiceServerResetTestExecutionListener, org.springframework.boot.test.autoconfigure.web.servlet.MockMvcPrintOnlyOnFailureTestExecutionListener, org.springframework.boot.test.autoconfigure.web.servlet.WebDriverTestExecutionListener, org.springframework.test.context.web.ServletTestExecutionListener, org.springframework.test.context.support.DirtiesContextBeforeModesTestExecutionListener, org.springframework.test.context.support.DependencyInjectionTestExecutionListener, org.springframework.test.context.support.DirtiesContextTestExecutionListener, org.springframework.test.context.transaction.TransactionalTestExecutionListener, org.springframework.test.context.jdbc.SqlScriptsTestExecutionListener]
2017-11-20 22:19:01.912  INFO 77666 --- [    Test worker] .b.t.c.SpringBootTestContextBootstrapper : Using TestExecutionListeners: [org.springframework.test.context.web.ServletTestExecutionListener@3d846015, org.springframework.test.context.support.DirtiesContextBeforeModesTestExecutionListener@5bb0f689, org.springframework.boot.test.autoconfigure.SpringBootDependencyInjectionTestExecutionListener@1561885e, org.springframework.test.context.support.DirtiesContextTestExecutionListener@5b9bf8f0, org.springframework.test.context.transaction.TransactionalTestExecutionListener@4501af5e, org.springframework.test.context.jdbc.SqlScriptsTestExecutionListener@19d90dc9, org.springframework.boot.test.mock.mockito.MockitoTestExecutionListener@6355d4, org.springframework.boot.test.autoconfigure.restdocs.RestDocsTestExecutionListener@43b6150, org.springframework.boot.test.autoconfigure.web.servlet.WebDriverTestExecutionListener@4c8855d6, org.springframework.boot.test.autoconfigure.web.client.MockRestServiceServerResetTestExecutionListener@1deeaecb, org.springframework.boot.test.autoconfigure.web.servlet.MockMvcPrintOnlyOnFailureTestExecutionListener@7b98557, org.springframework.boot.test.mock.mockito.ResetMocksTestExecutionListener@58d75511]

  .   ____          _            __ _ _
 /\\ / ___'_ __ _ _(_)_ __  __ _ \ \ \ \
( ( )\___ | '_ | '_| | '_ \/ _` | \ \ \ \
 \\/  ___)| |_)| | | | | || (_| |  ) ) ) )
  '  |____| .__|_| |_|_| |_\__, | / / / /
 =========|_|==============|___/=/_/_/_/
 :: Spring Boot ::        (v1.4.2.RELEASE)

2017-11-20 22:19:12.000  INFO 77666 --- [    Test worker] com.example.bot.spring.WeightTest        : Starting WeightTest on Woos-MacBook-Pro.local with PID 77666 (started by woochanlee in /Users/woochanlee/Desktop/dietBot/my-fork/sample-spring-boot-kitchensink)
2017-11-20 22:19:12.000  INFO 77666 --- [    Test worker] com.example.bot.spring.WeightTest        : No active profile set, falling back to default profiles: default
2017-11-20 22:19:12.006  INFO 77666 --- [    Test worker] o.s.w.c.s.GenericWebApplicationContext   : Refreshing org.springframework.web.context.support.GenericWebApplicationContext@761455cb: startup date [Mon Nov 20 22:19:12 HKT 2017]; root of context hierarchy
2017-11-20 22:19:12.047  INFO 77666 --- [    Test worker] com.example.bot.spring.WeightTest        : Started WeightTest in 10.126 seconds (JVM running for 156.861)
]]></system-out>
  <system-err><![CDATA[]]></system-err>
</testsuite>
