<?xml version="1.0" encoding="UTF-8"?>
<testsuite name="com.example.bot.spring.KitchenSinkControllerTest" tests="1" skipped="0" failures="0" errors="0" timestamp="2017-11-20T14:17:57" hostname="Woos-MacBook-Pro.local" time="0.003">
  <properties/>
  <testcase name="testNotFound" classname="com.example.bot.spring.KitchenSinkControllerTest" time="0.003"/>
  <system-out><![CDATA[2017-11-20 22:17:47.077  INFO 77666 --- [    Test worker] .b.t.c.SpringBootTestContextBootstrapper : Neither @ContextConfiguration nor @ContextHierarchy found for test class [com.example.bot.spring.KitchenSinkControllerTest], using SpringBootContextLoader
2017-11-20 22:17:47.079  INFO 77666 --- [    Test worker] o.s.t.c.support.AbstractContextLoader    : Could not detect default resource locations for test class [com.example.bot.spring.KitchenSinkControllerTest]: no resource found for suffixes {-context.xml, Context.groovy}.
2017-11-20 22:17:47.089  INFO 77666 --- [    Test worker] .b.t.c.SpringBootTestContextBootstrapper : Loaded default TestExecutionListener class names from location [META-INF/spring.factories]: [org.springframework.boot.test.mock.mockito.MockitoTestExecutionListener, org.springframework.boot.test.mock.mockito.ResetMocksTestExecutionListener, org.springframework.boot.test.autoconfigure.restdocs.RestDocsTestExecutionListener, org.springframework.boot.test.autoconfigure.web.client.MockRestServiceServerResetTestExecutionListener, org.springframework.boot.test.autoconfigure.web.servlet.MockMvcPrintOnlyOnFailureTestExecutionListener, org.springframework.boot.test.autoconfigure.web.servlet.WebDriverTestExecutionListener, org.springframework.test.context.web.ServletTestExecutionListener, org.springframework.test.context.support.DirtiesContextBeforeModesTestExecutionListener, org.springframework.test.context.support.DependencyInjectionTestExecutionListener, org.springframework.test.context.support.DirtiesContextTestExecutionListener, org.springframework.test.context.transaction.TransactionalTestExecutionListener, org.springframework.test.context.jdbc.SqlScriptsTestExecutionListener]
2017-11-20 22:17:47.093  INFO 77666 --- [    Test worker] .b.t.c.SpringBootTestContextBootstrapper : Using TestExecutionListeners: [org.springframework.test.context.web.ServletTestExecutionListener@2a62a221, org.springframework.test.context.support.DirtiesContextBeforeModesTestExecutionListener@2f16a283, org.springframework.boot.test.autoconfigure.SpringBootDependencyInjectionTestExecutionListener@96c9d94, org.springframework.test.context.support.DirtiesContextTestExecutionListener@65be0293, org.springframework.test.context.transaction.TransactionalTestExecutionListener@5a72c7af, org.springframework.test.context.jdbc.SqlScriptsTestExecutionListener@406a74d8, org.springframework.boot.test.mock.mockito.MockitoTestExecutionListener@2d87c17c, org.springframework.boot.test.autoconfigure.restdocs.RestDocsTestExecutionListener@3838f4c5, org.springframework.boot.test.autoconfigure.web.servlet.WebDriverTestExecutionListener@74bb03d2, org.springframework.boot.test.autoconfigure.web.client.MockRestServiceServerResetTestExecutionListener@67646529, org.springframework.boot.test.autoconfigure.web.servlet.MockMvcPrintOnlyOnFailureTestExecutionListener@74fbd498, org.springframework.boot.test.mock.mockito.ResetMocksTestExecutionListener@b9a881e]

  .   ____          _            __ _ _
 /\\ / ___'_ __ _ _(_)_ __  __ _ \ \ \ \
( ( )\___ | '_ | '_| | '_ \/ _` | \ \ \ \
 \\/  ___)| |_)| | | | | || (_| |  ) ) ) )
  '  |____| .__|_| |_|_| |_\__, | / / / /
 =========|_|==============|___/=/_/_/_/
 :: Spring Boot ::        (v1.4.2.RELEASE)

2017-11-20 22:17:57.228  INFO 77666 --- [    Test worker] c.e.b.spring.KitchenSinkControllerTest   : Starting KitchenSinkControllerTest on Woos-MacBook-Pro.local with PID 77666 (started by woochanlee in /Users/woochanlee/Desktop/dietBot/my-fork/sample-spring-boot-kitchensink)
2017-11-20 22:17:57.228  INFO 77666 --- [    Test worker] c.e.b.spring.KitchenSinkControllerTest   : No active profile set, falling back to default profiles: default
2017-11-20 22:17:57.234  INFO 77666 --- [    Test worker] o.s.w.c.s.GenericWebApplicationContext   : Refreshing org.springframework.web.context.support.GenericWebApplicationContext@1692581: startup date [Mon Nov 20 22:17:57 HKT 2017]; root of context hierarchy
2017-11-20 22:17:57.278  INFO 77666 --- [    Test worker] c.e.b.spring.KitchenSinkControllerTest   : Started KitchenSinkControllerTest in 10.173 seconds (JVM running for 82.093)
]]></system-out>
  <system-err><![CDATA[]]></system-err>
</testsuite>
