<?xml version="1.0" encoding="UTF-8"?>
<testsuite name="com.example.bot.spring.RecommendationTest" tests="5" skipped="0" failures="0" errors="0" timestamp="2017-11-20T14:19:01" hostname="Woos-MacBook-Pro.local" time="0.232">
  <properties/>
  <testcase name="testAcceptRecommendation" classname="com.example.bot.spring.RecommendationTest" time="0.065"/>
  <testcase name="testCheckValidityOfUser" classname="com.example.bot.spring.RecommendationTest" time="0.063"/>
  <testcase name="testMakeRecommendation" classname="com.example.bot.spring.RecommendationTest" time="0.033"/>
  <testcase name="testCoupon" classname="com.example.bot.spring.RecommendationTest" time="0.039"/>
  <testcase name="testIsAdmin" classname="com.example.bot.spring.RecommendationTest" time="0.02"/>
  <system-out><![CDATA[2017-11-20 22:18:49.999  INFO 77666 --- [    Test worker] .b.t.c.SpringBootTestContextBootstrapper : Neither @ContextConfiguration nor @ContextHierarchy found for test class [com.example.bot.spring.RecommendationTest], using SpringBootContextLoader
2017-11-20 22:18:50.000  INFO 77666 --- [    Test worker] o.s.t.c.support.AbstractContextLoader    : Could not detect default resource locations for test class [com.example.bot.spring.RecommendationTest]: no resource found for suffixes {-context.xml, Context.groovy}.
2017-11-20 22:18:50.006  INFO 77666 --- [    Test worker] .b.t.c.SpringBootTestContextBootstrapper : Using TestExecutionListeners: [org.springframework.test.context.support.DependencyInjectionTestExecutionListener@4075ce70, org.springframework.test.context.support.DirtiesContextTestExecutionListener@32fbb5ce, org.springframework.test.context.transaction.TransactionalTestExecutionListener@66b4755f]

  .   ____          _            __ _ _
 /\\ / ___'_ __ _ _(_)_ __  __ _ \ \ \ \
( ( )\___ | '_ | '_| | '_ \/ _` | \ \ \ \
 \\/  ___)| |_)| | | | | || (_| |  ) ) ) )
  '  |____| .__|_| |_|_| |_\__, | / / / /
 =========|_|==============|___/=/_/_/_/
 :: Spring Boot ::        (v1.4.2.RELEASE)

2017-11-20 22:19:00.070  INFO 77666 --- [    Test worker] c.example.bot.spring.RecommendationTest  : Starting RecommendationTest on Woos-MacBook-Pro.local with PID 77666 (started by woochanlee in /Users/woochanlee/Desktop/dietBot/my-fork/sample-spring-boot-kitchensink)
2017-11-20 22:19:00.071  INFO 77666 --- [    Test worker] c.example.bot.spring.RecommendationTest  : No active profile set, falling back to default profiles: default
2017-11-20 22:19:00.078  INFO 77666 --- [    Test worker] o.s.w.c.s.GenericWebApplicationContext   : Refreshing org.springframework.web.context.support.GenericWebApplicationContext@11e076a: startup date [Mon Nov 20 22:19:00 HKT 2017]; root of context hierarchy
2017-11-20 22:19:00.464  INFO 77666 --- [    Test worker] o.s.j.d.e.EmbeddedDatabaseFactory        : Starting embedded database: url='jdbc:h2:mem:testdb;DB_CLOSE_DELAY=-1;DB_CLOSE_ON_EXIT=false', username='sa'
2017-11-20 22:19:00.492  INFO 77666 --- [    Test worker] j.LocalContainerEntityManagerFactoryBean : Building JPA container EntityManagerFactory for persistence unit 'default'
2017-11-20 22:19:00.494  INFO 77666 --- [    Test worker] o.hibernate.jpa.internal.util.LogHelper  : HHH000204: Processing PersistenceUnitInfo [
	name: default
	...]
2017-11-20 22:19:00.566  INFO 77666 --- [    Test worker] org.hibernate.dialect.Dialect            : HHH000400: Using dialect: org.hibernate.dialect.H2Dialect
2017-11-20 22:19:00.575  INFO 77666 --- [    Test worker] o.h.e.j.e.i.LobCreatorBuilderImpl        : HHH000423: Disabling contextual LOB creation as JDBC driver reported JDBC version [3] less than 4
2017-11-20 22:19:00.753  INFO 77666 --- [    Test worker] org.hibernate.tool.hbm2ddl.SchemaUpdate  : HHH000228: Running hbm2ddl schema update
2017-11-20 22:19:00.870  WARN 77666 --- [    Test worker] o.h.j.i.EntityManagerFactoryRegistry     : HHH000436: Entity manager factory name (default) is already registered.  If entity manager will be clustered or passivated, specify a unique value for property 'hibernate.ejb.entitymanager_factory_name'
2017-11-20 22:19:00.871  INFO 77666 --- [    Test worker] j.LocalContainerEntityManagerFactoryBean : Initialized JPA EntityManagerFactory for persistence unit 'default'
2017-11-20 22:19:01.115  INFO 77666 --- [    Test worker] c.example.bot.spring.RecommendationTest  : Started RecommendationTest in 11.1 seconds (JVM running for 145.93)
2017-11-20 22:19:01.123  INFO 77666 --- [    Test worker] o.s.t.c.transaction.TransactionContext   : Began transaction (1) for test context [DefaultTestContext@7c21d4b8 testClass = RecommendationTest, testInstance = com.example.bot.spring.RecommendationTest@317868b5, testMethod = testAcceptRecommendation@RecommendationTest, testException = [null], mergedContextConfiguration = [WebMergedContextConfiguration@13dfdc03 testClass = RecommendationTest, locations = '{}', classes = '{class com.example.bot.spring.RepoFactory4Test, class com.example.bot.spring.RecommendationTest, class com.example.bot.spring.controllers.MenuController, class com.example.bot.spring.controllers.User, class com.example.bot.spring.RepoFactory4Test, class com.example.bot.spring.RecommendationTest, class com.example.bot.spring.controllers.MenuController, class com.example.bot.spring.controllers.User}', contextInitializerClasses = '[]', activeProfiles = '{}', propertySourceLocations = '{}', propertySourceProperties = '{org.springframework.boot.test.context.SpringBootTestContextBootstrapper=true}', contextCustomizers = set[org.springframework.boot.test.context.SpringBootTestContextCustomizer@5d20fabe, org.springframework.boot.test.context.filter.ExcludeFilterContextCustomizer@51c7f865, org.springframework.boot.test.mock.mockito.MockitoContextCustomizer@0, org.springframework.boot.test.autoconfigure.properties.PropertyMappingContextCustomizer@0, org.springframework.boot.test.autoconfigure.web.servlet.WebDriverContextCustomizerFactory$Customizer@3dc72bb7], resourceBasePath = 'src/main/webapp', contextLoader = 'org.springframework.boot.test.context.SpringBootContextLoader', parent = [null]]]; transaction manager [org.springframework.orm.jpa.JpaTransactionManager@7809cc26]; rollback [true]
2017-11-20 22:19:01.141  INFO 77666 --- [    Test worker] o.h.h.i.QueryTranslatorFactoryInitiator  : HHH000397: Using ASTQueryTranslatorFactory
2017-11-20 22:19:01.184  INFO 77666 --- [    Test worker] o.s.t.c.transaction.TransactionContext   : Rolled back transaction for test context [DefaultTestContext@7c21d4b8 testClass = RecommendationTest, testInstance = com.example.bot.spring.RecommendationTest@317868b5, testMethod = testAcceptRecommendation@RecommendationTest, testException = [null], mergedContextConfiguration = [WebMergedContextConfiguration@13dfdc03 testClass = RecommendationTest, locations = '{}', classes = '{class com.example.bot.spring.RepoFactory4Test, class com.example.bot.spring.RecommendationTest, class com.example.bot.spring.controllers.MenuController, class com.example.bot.spring.controllers.User, class com.example.bot.spring.RepoFactory4Test, class com.example.bot.spring.RecommendationTest, class com.example.bot.spring.controllers.MenuController, class com.example.bot.spring.controllers.User}', contextInitializerClasses = '[]', activeProfiles = '{}', propertySourceLocations = '{}', propertySourceProperties = '{org.springframework.boot.test.context.SpringBootTestContextBootstrapper=true}', contextCustomizers = set[org.springframework.boot.test.context.SpringBootTestContextCustomizer@5d20fabe, org.springframework.boot.test.context.filter.ExcludeFilterContextCustomizer@51c7f865, org.springframework.boot.test.mock.mockito.MockitoContextCustomizer@0, org.springframework.boot.test.autoconfigure.properties.PropertyMappingContextCustomizer@0, org.springframework.boot.test.autoconfigure.web.servlet.WebDriverContextCustomizerFactory$Customizer@3dc72bb7], resourceBasePath = 'src/main/webapp', contextLoader = 'org.springframework.boot.test.context.SpringBootContextLoader', parent = [null]]].
2017-11-20 22:19:01.191  INFO 77666 --- [    Test worker] o.s.t.c.transaction.TransactionContext   : Began transaction (1) for test context [DefaultTestContext@7c21d4b8 testClass = RecommendationTest, testInstance = com.example.bot.spring.RecommendationTest@6133d94, testMethod = testCheckValidityOfUser@RecommendationTest, testException = [null], mergedContextConfiguration = [WebMergedContextConfiguration@13dfdc03 testClass = RecommendationTest, locations = '{}', classes = '{class com.example.bot.spring.RepoFactory4Test, class com.example.bot.spring.RecommendationTest, class com.example.bot.spring.controllers.MenuController, class com.example.bot.spring.controllers.User, class com.example.bot.spring.RepoFactory4Test, class com.example.bot.spring.RecommendationTest, class com.example.bot.spring.controllers.MenuController, class com.example.bot.spring.controllers.User}', contextInitializerClasses = '[]', activeProfiles = '{}', propertySourceLocations = '{}', propertySourceProperties = '{org.springframework.boot.test.context.SpringBootTestContextBootstrapper=true}', contextCustomizers = set[org.springframework.boot.test.context.SpringBootTestContextCustomizer@5d20fabe, org.springframework.boot.test.context.filter.ExcludeFilterContextCustomizer@51c7f865, org.springframework.boot.test.mock.mockito.MockitoContextCustomizer@0, org.springframework.boot.test.autoconfigure.properties.PropertyMappingContextCustomizer@0, org.springframework.boot.test.autoconfigure.web.servlet.WebDriverContextCustomizerFactory$Customizer@3dc72bb7], resourceBasePath = 'src/main/webapp', contextLoader = 'org.springframework.boot.test.context.SpringBootContextLoader', parent = [null]]]; transaction manager [org.springframework.orm.jpa.JpaTransactionManager@7809cc26]; rollback [true]
2017-11-20 22:19:01.250  INFO 77666 --- [    Test worker] o.s.t.c.transaction.TransactionContext   : Rolled back transaction for test context [DefaultTestContext@7c21d4b8 testClass = RecommendationTest, testInstance = com.example.bot.spring.RecommendationTest@6133d94, testMethod = testCheckValidityOfUser@RecommendationTest, testException = [null], mergedContextConfiguration = [WebMergedContextConfiguration@13dfdc03 testClass = RecommendationTest, locations = '{}', classes = '{class com.example.bot.spring.RepoFactory4Test, class com.example.bot.spring.RecommendationTest, class com.example.bot.spring.controllers.MenuController, class com.example.bot.spring.controllers.User, class com.example.bot.spring.RepoFactory4Test, class com.example.bot.spring.RecommendationTest, class com.example.bot.spring.controllers.MenuController, class com.example.bot.spring.controllers.User}', contextInitializerClasses = '[]', activeProfiles = '{}', propertySourceLocations = '{}', propertySourceProperties = '{org.springframework.boot.test.context.SpringBootTestContextBootstrapper=true}', contextCustomizers = set[org.springframework.boot.test.context.SpringBootTestContextCustomizer@5d20fabe, org.springframework.boot.test.context.filter.ExcludeFilterContextCustomizer@51c7f865, org.springframework.boot.test.mock.mockito.MockitoContextCustomizer@0, org.springframework.boot.test.autoconfigure.properties.PropertyMappingContextCustomizer@0, org.springframework.boot.test.autoconfigure.web.servlet.WebDriverContextCustomizerFactory$Customizer@3dc72bb7], resourceBasePath = 'src/main/webapp', contextLoader = 'org.springframework.boot.test.context.SpringBootContextLoader', parent = [null]]].
2017-11-20 22:19:01.255  INFO 77666 --- [    Test worker] o.s.t.c.transaction.TransactionContext   : Began transaction (1) for test context [DefaultTestContext@7c21d4b8 testClass = RecommendationTest, testInstance = com.example.bot.spring.RecommendationTest@3d0152cf, testMethod = testMakeRecommendation@RecommendationTest, testException = [null], mergedContextConfiguration = [WebMergedContextConfiguration@13dfdc03 testClass = RecommendationTest, locations = '{}', classes = '{class com.example.bot.spring.RepoFactory4Test, class com.example.bot.spring.RecommendationTest, class com.example.bot.spring.controllers.MenuController, class com.example.bot.spring.controllers.User, class com.example.bot.spring.RepoFactory4Test, class com.example.bot.spring.RecommendationTest, class com.example.bot.spring.controllers.MenuController, class com.example.bot.spring.controllers.User}', contextInitializerClasses = '[]', activeProfiles = '{}', propertySourceLocations = '{}', propertySourceProperties = '{org.springframework.boot.test.context.SpringBootTestContextBootstrapper=true}', contextCustomizers = set[org.springframework.boot.test.context.SpringBootTestContextCustomizer@5d20fabe, org.springframework.boot.test.context.filter.ExcludeFilterContextCustomizer@51c7f865, org.springframework.boot.test.mock.mockito.MockitoContextCustomizer@0, org.springframework.boot.test.autoconfigure.properties.PropertyMappingContextCustomizer@0, org.springframework.boot.test.autoconfigure.web.servlet.WebDriverContextCustomizerFactory$Customizer@3dc72bb7], resourceBasePath = 'src/main/webapp', contextLoader = 'org.springframework.boot.test.context.SpringBootContextLoader', parent = [null]]]; transaction manager [org.springframework.orm.jpa.JpaTransactionManager@7809cc26]; rollback [true]
2017-11-20 22:19:01.285  INFO 77666 --- [    Test worker] o.s.t.c.transaction.TransactionContext   : Rolled back transaction for test context [DefaultTestContext@7c21d4b8 testClass = RecommendationTest, testInstance = com.example.bot.spring.RecommendationTest@3d0152cf, testMethod = testMakeRecommendation@RecommendationTest, testException = [null], mergedContextConfiguration = [WebMergedContextConfiguration@13dfdc03 testClass = RecommendationTest, locations = '{}', classes = '{class com.example.bot.spring.RepoFactory4Test, class com.example.bot.spring.RecommendationTest, class com.example.bot.spring.controllers.MenuController, class com.example.bot.spring.controllers.User, class com.example.bot.spring.RepoFactory4Test, class com.example.bot.spring.RecommendationTest, class com.example.bot.spring.controllers.MenuController, class com.example.bot.spring.controllers.User}', contextInitializerClasses = '[]', activeProfiles = '{}', propertySourceLocations = '{}', propertySourceProperties = '{org.springframework.boot.test.context.SpringBootTestContextBootstrapper=true}', contextCustomizers = set[org.springframework.boot.test.context.SpringBootTestContextCustomizer@5d20fabe, org.springframework.boot.test.context.filter.ExcludeFilterContextCustomizer@51c7f865, org.springframework.boot.test.mock.mockito.MockitoContextCustomizer@0, org.springframework.boot.test.autoconfigure.properties.PropertyMappingContextCustomizer@0, org.springframework.boot.test.autoconfigure.web.servlet.WebDriverContextCustomizerFactory$Customizer@3dc72bb7], resourceBasePath = 'src/main/webapp', contextLoader = 'org.springframework.boot.test.context.SpringBootContextLoader', parent = [null]]].
2017-11-20 22:19:01.292  INFO 77666 --- [    Test worker] o.s.t.c.transaction.TransactionContext   : Began transaction (1) for test context [DefaultTestContext@7c21d4b8 testClass = RecommendationTest, testInstance = com.example.bot.spring.RecommendationTest@aa0d5d0, testMethod = testCoupon@RecommendationTest, testException = [null], mergedContextConfiguration = [WebMergedContextConfiguration@13dfdc03 testClass = RecommendationTest, locations = '{}', classes = '{class com.example.bot.spring.RepoFactory4Test, class com.example.bot.spring.RecommendationTest, class com.example.bot.spring.controllers.MenuController, class com.example.bot.spring.controllers.User, class com.example.bot.spring.RepoFactory4Test, class com.example.bot.spring.RecommendationTest, class com.example.bot.spring.controllers.MenuController, class com.example.bot.spring.controllers.User}', contextInitializerClasses = '[]', activeProfiles = '{}', propertySourceLocations = '{}', propertySourceProperties = '{org.springframework.boot.test.context.SpringBootTestContextBootstrapper=true}', contextCustomizers = set[org.springframework.boot.test.context.SpringBootTestContextCustomizer@5d20fabe, org.springframework.boot.test.context.filter.ExcludeFilterContextCustomizer@51c7f865, org.springframework.boot.test.mock.mockito.MockitoContextCustomizer@0, org.springframework.boot.test.autoconfigure.properties.PropertyMappingContextCustomizer@0, org.springframework.boot.test.autoconfigure.web.servlet.WebDriverContextCustomizerFactory$Customizer@3dc72bb7], resourceBasePath = 'src/main/webapp', contextLoader = 'org.springframework.boot.test.context.SpringBootContextLoader', parent = [null]]]; transaction manager [org.springframework.orm.jpa.JpaTransactionManager@7809cc26]; rollback [true]
2017-11-20 22:19:01.327  INFO 77666 --- [    Test worker] o.s.t.c.transaction.TransactionContext   : Rolled back transaction for test context [DefaultTestContext@7c21d4b8 testClass = RecommendationTest, testInstance = com.example.bot.spring.RecommendationTest@aa0d5d0, testMethod = testCoupon@RecommendationTest, testException = [null], mergedContextConfiguration = [WebMergedContextConfiguration@13dfdc03 testClass = RecommendationTest, locations = '{}', classes = '{class com.example.bot.spring.RepoFactory4Test, class com.example.bot.spring.RecommendationTest, class com.example.bot.spring.controllers.MenuController, class com.example.bot.spring.controllers.User, class com.example.bot.spring.RepoFactory4Test, class com.example.bot.spring.RecommendationTest, class com.example.bot.spring.controllers.MenuController, class com.example.bot.spring.controllers.User}', contextInitializerClasses = '[]', activeProfiles = '{}', propertySourceLocations = '{}', propertySourceProperties = '{org.springframework.boot.test.context.SpringBootTestContextBootstrapper=true}', contextCustomizers = set[org.springframework.boot.test.context.SpringBootTestContextCustomizer@5d20fabe, org.springframework.boot.test.context.filter.ExcludeFilterContextCustomizer@51c7f865, org.springframework.boot.test.mock.mockito.MockitoContextCustomizer@0, org.springframework.boot.test.autoconfigure.properties.PropertyMappingContextCustomizer@0, org.springframework.boot.test.autoconfigure.web.servlet.WebDriverContextCustomizerFactory$Customizer@3dc72bb7], resourceBasePath = 'src/main/webapp', contextLoader = 'org.springframework.boot.test.context.SpringBootContextLoader', parent = [null]]].
2017-11-20 22:19:01.334  INFO 77666 --- [    Test worker] o.s.t.c.transaction.TransactionContext   : Began transaction (1) for test context [DefaultTestContext@7c21d4b8 testClass = RecommendationTest, testInstance = com.example.bot.spring.RecommendationTest@78752ef0, testMethod = testIsAdmin@RecommendationTest, testException = [null], mergedContextConfiguration = [WebMergedContextConfiguration@13dfdc03 testClass = RecommendationTest, locations = '{}', classes = '{class com.example.bot.spring.RepoFactory4Test, class com.example.bot.spring.RecommendationTest, class com.example.bot.spring.controllers.MenuController, class com.example.bot.spring.controllers.User, class com.example.bot.spring.RepoFactory4Test, class com.example.bot.spring.RecommendationTest, class com.example.bot.spring.controllers.MenuController, class com.example.bot.spring.controllers.User}', contextInitializerClasses = '[]', activeProfiles = '{}', propertySourceLocations = '{}', propertySourceProperties = '{org.springframework.boot.test.context.SpringBootTestContextBootstrapper=true}', contextCustomizers = set[org.springframework.boot.test.context.SpringBootTestContextCustomizer@5d20fabe, org.springframework.boot.test.context.filter.ExcludeFilterContextCustomizer@51c7f865, org.springframework.boot.test.mock.mockito.MockitoContextCustomizer@0, org.springframework.boot.test.autoconfigure.properties.PropertyMappingContextCustomizer@0, org.springframework.boot.test.autoconfigure.web.servlet.WebDriverContextCustomizerFactory$Customizer@3dc72bb7], resourceBasePath = 'src/main/webapp', contextLoader = 'org.springframework.boot.test.context.SpringBootContextLoader', parent = [null]]]; transaction manager [org.springframework.orm.jpa.JpaTransactionManager@7809cc26]; rollback [true]
2017-11-20 22:19:01.352  INFO 77666 --- [    Test worker] o.s.t.c.transaction.TransactionContext   : Rolled back transaction for test context [DefaultTestContext@7c21d4b8 testClass = RecommendationTest, testInstance = com.example.bot.spring.RecommendationTest@78752ef0, testMethod = testIsAdmin@RecommendationTest, testException = [null], mergedContextConfiguration = [WebMergedContextConfiguration@13dfdc03 testClass = RecommendationTest, locations = '{}', classes = '{class com.example.bot.spring.RepoFactory4Test, class com.example.bot.spring.RecommendationTest, class com.example.bot.spring.controllers.MenuController, class com.example.bot.spring.controllers.User, class com.example.bot.spring.RepoFactory4Test, class com.example.bot.spring.RecommendationTest, class com.example.bot.spring.controllers.MenuController, class com.example.bot.spring.controllers.User}', contextInitializerClasses = '[]', activeProfiles = '{}', propertySourceLocations = '{}', propertySourceProperties = '{org.springframework.boot.test.context.SpringBootTestContextBootstrapper=true}', contextCustomizers = set[org.springframework.boot.test.context.SpringBootTestContextCustomizer@5d20fabe, org.springframework.boot.test.context.filter.ExcludeFilterContextCustomizer@51c7f865, org.springframework.boot.test.mock.mockito.MockitoContextCustomizer@0, org.springframework.boot.test.autoconfigure.properties.PropertyMappingContextCustomizer@0, org.springframework.boot.test.autoconfigure.web.servlet.WebDriverContextCustomizerFactory$Customizer@3dc72bb7], resourceBasePath = 'src/main/webapp', contextLoader = 'org.springframework.boot.test.context.SpringBootContextLoader', parent = [null]]].
]]></system-out>
  <system-err><![CDATA[]]></system-err>
</testsuite>
