<?xml version="1.0" encoding="UTF-8"?>
<testsuite name="com.example.bot.spring.ProfileTest" tests="1" skipped="0" failures="0" errors="0" timestamp="2017-11-20T14:18:49" hostname="Woos-MacBook-Pro.local" time="0.002">
  <properties/>
  <testcase name="testNotFound" classname="com.example.bot.spring.ProfileTest" time="0.002"/>
  <system-out><![CDATA[2017-11-20 22:18:39.872  INFO 77666 --- [    Test worker] .b.t.c.SpringBootTestContextBootstrapper : Neither @ContextConfiguration nor @ContextHierarchy found for test class [com.example.bot.spring.ProfileTest], using SpringBootContextLoader
2017-11-20 22:18:39.873  INFO 77666 --- [    Test worker] o.s.t.c.support.AbstractContextLoader    : Could not detect default resource locations for test class [com.example.bot.spring.ProfileTest]: no resource found for suffixes {-context.xml, Context.groovy}.
2017-11-20 22:18:39.878  INFO 77666 --- [    Test worker] .b.t.c.SpringBootTestContextBootstrapper : Loaded default TestExecutionListener class names from location [META-INF/spring.factories]: [org.springframework.boot.test.mock.mockito.MockitoTestExecutionListener, org.springframework.boot.test.mock.mockito.ResetMocksTestExecutionListener, org.springframework.boot.test.autoconfigure.restdocs.RestDocsTestExecutionListener, org.springframework.boot.test.autoconfigure.web.client.MockRestServiceServerResetTestExecutionListener, org.springframework.boot.test.autoconfigure.web.servlet.MockMvcPrintOnlyOnFailureTestExecutionListener, org.springframework.boot.test.autoconfigure.web.servlet.WebDriverTestExecutionListener, org.springframework.test.context.web.ServletTestExecutionListener, org.springframework.test.context.support.DirtiesContextBeforeModesTestExecutionListener, org.springframework.test.context.support.DependencyInjectionTestExecutionListener, org.springframework.test.context.support.DirtiesContextTestExecutionListener, org.springframework.test.context.transaction.TransactionalTestExecutionListener, org.springframework.test.context.jdbc.SqlScriptsTestExecutionListener]
2017-11-20 22:18:39.881  INFO 77666 --- [    Test worker] .b.t.c.SpringBootTestContextBootstrapper : Using TestExecutionListeners: [org.springframework.test.context.web.ServletTestExecutionListener@29bdb4d8, org.springframework.test.context.support.DirtiesContextBeforeModesTestExecutionListener@20e734e9, org.springframework.boot.test.autoconfigure.SpringBootDependencyInjectionTestExecutionListener@3b4f3e3b, org.springframework.test.context.support.DirtiesContextTestExecutionListener@20d5d96c, org.springframework.test.context.transaction.TransactionalTestExecutionListener@648aa2da, org.springframework.test.context.jdbc.SqlScriptsTestExecutionListener@7d5382de, org.springframework.boot.test.mock.mockito.MockitoTestExecutionListener@3f2fd5a9, org.springframework.boot.test.autoconfigure.restdocs.RestDocsTestExecutionListener@313f6599, org.springframework.boot.test.autoconfigure.web.servlet.WebDriverTestExecutionListener@129d16, org.springframework.boot.test.autoconfigure.web.client.MockRestServiceServerResetTestExecutionListener@61b6aab8, org.springframework.boot.test.autoconfigure.web.servlet.MockMvcPrintOnlyOnFailureTestExecutionListener@20f5a9ba, org.springframework.boot.test.mock.mockito.ResetMocksTestExecutionListener@6aac1390]

  .   ____          _            __ _ _
 /\\ / ___'_ __ _ _(_)_ __  __ _ \ \ \ \
( ( )\___ | '_ | '_| | '_ \/ _` | \ \ \ \
 \\/  ___)| |_)| | | | | || (_| |  ) ) ) )
  '  |____| .__|_| |_|_| |_\__, | / / / /
 =========|_|==============|___/=/_/_/_/
 :: Spring Boot ::        (v1.4.2.RELEASE)

2017-11-20 22:18:49.940  INFO 77666 --- [    Test worker] com.example.bot.spring.ProfileTest       : Starting ProfileTest on Woos-MacBook-Pro.local with PID 77666 (started by woochanlee in /Users/woochanlee/Desktop/dietBot/my-fork/sample-spring-boot-kitchensink)
2017-11-20 22:18:49.941  INFO 77666 --- [    Test worker] com.example.bot.spring.ProfileTest       : No active profile set, falling back to default profiles: default
2017-11-20 22:18:49.946  INFO 77666 --- [    Test worker] o.s.w.c.s.GenericWebApplicationContext   : Refreshing org.springframework.web.context.support.GenericWebApplicationContext@b1f1057: startup date [Mon Nov 20 22:18:49 HKT 2017]; root of context hierarchy
2017-11-20 22:18:49.986  INFO 77666 --- [    Test worker] com.example.bot.spring.ProfileTest       : Started ProfileTest in 10.098 seconds (JVM running for 134.8)
]]></system-out>
  <system-err><![CDATA[]]></system-err>
</testsuite>
