<?xml version="1.0" encoding="UTF-8"?>
<testsuite name="com.linecorp.bot.client.HeaderInterceptorWireMockTest" tests="1" skipped="0" failures="0" errors="0" timestamp="2017-11-20T14:15:40" hostname="Woos-MacBook-Pro.local" time="0.615">
  <properties/>
  <testcase name="forChannelTokenSupplier" classname="com.linecorp.bot.client.HeaderInterceptorWireMockTest" time="0.615"/>
  <system-out><![CDATA[22:15:41.378 [OkHttp http://localhost:53366/...] INFO com.linecorp.bot.client.wire - --> GET http://localhost:53366/v2/bot/message/TEST/content http/1.1
22:15:41.384 [OkHttp http://localhost:53366/...] INFO com.linecorp.bot.client.wire - Authorization: Bearer 1st
22:15:41.384 [OkHttp http://localhost:53366/...] INFO com.linecorp.bot.client.wire - User-Agent: line-botsdk-java/null
22:15:41.384 [OkHttp http://localhost:53366/...] INFO com.linecorp.bot.client.wire - --> END GET
22:15:41.416 [OkHttp http://localhost:53366/...] INFO com.linecorp.bot.client.wire - --> GET http://localhost:53366/v2/bot/message/TEST/content http/1.1
22:15:41.417 [OkHttp http://localhost:53366/...] INFO com.linecorp.bot.client.wire - Authorization: Bearer 2nd
22:15:41.417 [OkHttp http://localhost:53366/...] INFO com.linecorp.bot.client.wire - User-Agent: line-botsdk-java/null
22:15:41.417 [OkHttp http://localhost:53366/...] INFO com.linecorp.bot.client.wire - --> END GET
]]></system-out>
  <system-err><![CDATA[]]></system-err>
</testsuite>
