<?xml version="1.0" encoding="UTF-8"?>
<testsuite name="com.linecorp.bot.client.LineMessagingClientImplWiremockTest" tests="5" skipped="0" failures="0" errors="0" timestamp="2017-11-20T14:15:41" hostname="Woos-MacBook-Pro.local" time="0.085">
  <properties/>
  <testcase name="status500InternalServerErrorTest" classname="com.linecorp.bot.client.LineMessagingClientImplWiremockTest" time="0.033"/>
  <testcase name="status403ForbiddenTest" classname="com.linecorp.bot.client.LineMessagingClientImplWiremockTest" time="0.01"/>
  <testcase name="status401UnauthorizedTest" classname="com.linecorp.bot.client.LineMessagingClientImplWiremockTest" time="0.018"/>
  <testcase name="status400BadRequestTest" classname="com.linecorp.bot.client.LineMessagingClientImplWiremockTest" time="0.01"/>
  <testcase name="status429TooManyRequestsTest" classname="com.linecorp.bot.client.LineMessagingClientImplWiremockTest" time="0.011"/>
  <system-out><![CDATA[22:15:41.486 [OkHttp http://localhost:53371/...] INFO com.linecorp.bot.client.wire - --> GET http://localhost:53371/v2/bot/message/TOKEN/content http/1.1
22:15:41.486 [OkHttp http://localhost:53371/...] INFO com.linecorp.bot.client.wire - Authorization: Bearer token
22:15:41.486 [OkHttp http://localhost:53371/...] INFO com.linecorp.bot.client.wire - User-Agent: line-botsdk-java/null
22:15:41.486 [OkHttp http://localhost:53371/...] INFO com.linecorp.bot.client.wire - --> END GET
22:15:41.494 [OkHttp http://localhost:53371/...] INFO com.linecorp.bot.client.wire - <-- 500 Server Error http://localhost:53371/v2/bot/message/TOKEN/content (7ms)
22:15:41.494 [OkHttp http://localhost:53371/...] INFO com.linecorp.bot.client.wire - Content-Length: 55
22:15:41.494 [OkHttp http://localhost:53371/...] INFO com.linecorp.bot.client.wire - 
22:15:41.494 [OkHttp http://localhost:53371/...] INFO com.linecorp.bot.client.wire - {"message":"Error on the internal server","details":[]}
22:15:41.495 [OkHttp http://localhost:53371/...] INFO com.linecorp.bot.client.wire - <-- END HTTP (55-byte body)
22:15:41.505 [OkHttp http://localhost:53373/...] INFO com.linecorp.bot.client.wire - --> GET http://localhost:53373/v2/bot/message/TOKEN/content http/1.1
22:15:41.506 [OkHttp http://localhost:53373/...] INFO com.linecorp.bot.client.wire - Authorization: Bearer token
22:15:41.506 [OkHttp http://localhost:53373/...] INFO com.linecorp.bot.client.wire - User-Agent: line-botsdk-java/null
22:15:41.506 [OkHttp http://localhost:53373/...] INFO com.linecorp.bot.client.wire - --> END GET
22:15:41.508 [OkHttp http://localhost:53373/...] INFO com.linecorp.bot.client.wire - <-- 403 Client Error http://localhost:53373/v2/bot/message/TOKEN/content (1ms)
22:15:41.508 [OkHttp http://localhost:53373/...] INFO com.linecorp.bot.client.wire - Content-Length: 57
22:15:41.508 [OkHttp http://localhost:53373/...] INFO com.linecorp.bot.client.wire - 
22:15:41.508 [OkHttp http://localhost:53373/...] INFO com.linecorp.bot.client.wire - {"message":"Not authorized to use the API.","details":[]}
22:15:41.508 [OkHttp http://localhost:53373/...] INFO com.linecorp.bot.client.wire - <-- END HTTP (57-byte body)
22:15:41.524 [OkHttp http://localhost:53375/...] INFO com.linecorp.bot.client.wire - --> GET http://localhost:53375/v2/bot/message/TOKEN/content http/1.1
22:15:41.524 [OkHttp http://localhost:53375/...] INFO com.linecorp.bot.client.wire - Authorization: Bearer token
22:15:41.525 [OkHttp http://localhost:53375/...] INFO com.linecorp.bot.client.wire - User-Agent: line-botsdk-java/null
22:15:41.525 [OkHttp http://localhost:53375/...] INFO com.linecorp.bot.client.wire - --> END GET
22:15:41.526 [OkHttp http://localhost:53375/...] INFO com.linecorp.bot.client.wire - <-- 401 Client Error http://localhost:53375/v2/bot/message/TOKEN/content (1ms)
22:15:41.527 [OkHttp http://localhost:53375/...] INFO com.linecorp.bot.client.wire - Content-Length: 70
22:15:41.527 [OkHttp http://localhost:53375/...] INFO com.linecorp.bot.client.wire - 
22:15:41.527 [OkHttp http://localhost:53375/...] INFO com.linecorp.bot.client.wire - {"message":"Valid Channel access token is not specified","details":[]}
22:15:41.527 [OkHttp http://localhost:53375/...] INFO com.linecorp.bot.client.wire - <-- END HTTP (70-byte body)
22:15:41.533 [OkHttp http://localhost:53377/...] INFO com.linecorp.bot.client.wire - --> GET http://localhost:53377/v2/bot/message/TOKEN/content http/1.1
22:15:41.533 [OkHttp http://localhost:53377/...] INFO com.linecorp.bot.client.wire - Authorization: Bearer token
22:15:41.533 [OkHttp http://localhost:53377/...] INFO com.linecorp.bot.client.wire - User-Agent: line-botsdk-java/null
22:15:41.533 [OkHttp http://localhost:53377/...] INFO com.linecorp.bot.client.wire - --> END GET
22:15:41.535 [OkHttp http://localhost:53377/...] INFO com.linecorp.bot.client.wire - <-- 400 Client Error http://localhost:53377/v2/bot/message/TOKEN/content (1ms)
22:15:41.535 [OkHttp http://localhost:53377/...] INFO com.linecorp.bot.client.wire - Content-Length: 51
22:15:41.535 [OkHttp http://localhost:53377/...] INFO com.linecorp.bot.client.wire - 
22:15:41.535 [OkHttp http://localhost:53377/...] INFO com.linecorp.bot.client.wire - {"message":"Problem with the request","details":[]}
22:15:41.536 [OkHttp http://localhost:53377/...] INFO com.linecorp.bot.client.wire - <-- END HTTP (51-byte body)
22:15:41.545 [OkHttp http://localhost:53379/...] INFO com.linecorp.bot.client.wire - --> GET http://localhost:53379/v2/bot/message/TOKEN/content http/1.1
22:15:41.546 [OkHttp http://localhost:53379/...] INFO com.linecorp.bot.client.wire - Authorization: Bearer token
22:15:41.546 [OkHttp http://localhost:53379/...] INFO com.linecorp.bot.client.wire - User-Agent: line-botsdk-java/null
22:15:41.546 [OkHttp http://localhost:53379/...] INFO com.linecorp.bot.client.wire - --> END GET
22:15:41.548 [OkHttp http://localhost:53379/...] INFO com.linecorp.bot.client.wire - <-- 429 Client Error http://localhost:53379/v2/bot/message/TOKEN/content (2ms)
22:15:41.548 [OkHttp http://localhost:53379/...] INFO com.linecorp.bot.client.wire - Content-Length: 64
22:15:41.549 [OkHttp http://localhost:53379/...] INFO com.linecorp.bot.client.wire - 
22:15:41.549 [OkHttp http://localhost:53379/...] INFO com.linecorp.bot.client.wire - {"message":"Exceeded the rate limit for API calls","details":[]}
22:15:41.549 [OkHttp http://localhost:53379/...] INFO com.linecorp.bot.client.wire - <-- END HTTP (64-byte body)
]]></system-out>
  <system-err><![CDATA[]]></system-err>
</testsuite>
