<?xml version="1.0" encoding="UTF-8"?>
<testsuite name="com.linecorp.bot.client.LineMessagingServiceTest" tests="1" skipped="0" failures="0" errors="0" timestamp="2017-11-20T14:15:41" hostname="Woos-MacBook-Pro.local" time="0.018">
  <properties/>
  <testcase name="relativeRequestTest" classname="com.linecorp.bot.client.LineMessagingServiceTest" time="0.018"/>
  <system-out><![CDATA[22:15:41.554 [MockWebServer 53381] INFO okhttp3.mockwebserver.MockWebServer - MockWebServer[53381] starting to accept connections
22:15:41.562 [Test worker] INFO com.linecorp.bot.client.wire - --> GET http://localhost:53381/CanContainsRelative/v2/bot/profile/USER_TOKEN http/1.1
22:15:41.562 [Test worker] INFO com.linecorp.bot.client.wire - Authorization: Bearer SECRET
22:15:41.562 [Test worker] INFO com.linecorp.bot.client.wire - User-Agent: line-botsdk-java/null
22:15:41.562 [Test worker] INFO com.linecorp.bot.client.wire - --> END GET
22:15:41.564 [MockWebServer /127.0.0.1:53382] INFO okhttp3.mockwebserver.MockWebServer - MockWebServer[53381] received request: GET /CanContainsRelative/v2/bot/profile/USER_TOKEN HTTP/1.1 and responded: HTTP/1.1 200 OK
22:15:41.565 [Test worker] INFO com.linecorp.bot.client.wire - <-- 200 OK http://localhost:53381/CanContainsRelative/v2/bot/profile/USER_TOKEN (2ms)
22:15:41.565 [Test worker] INFO com.linecorp.bot.client.wire - Content-Length: 116
22:15:41.565 [Test worker] INFO com.linecorp.bot.client.wire - 
22:15:41.565 [Test worker] INFO com.linecorp.bot.client.wire - {"displayName":"name","userId":"userId","pictureUrl":"https://line.me/picture_url","statusMessage":"Status message"}
22:15:41.565 [Test worker] INFO com.linecorp.bot.client.wire - <-- END HTTP (116-byte body)
22:15:41.571 [MockWebServer 53381] INFO okhttp3.mockwebserver.MockWebServer - MockWebServer[53381] done accepting connections: Socket closed
]]></system-out>
  <system-err><![CDATA[]]></system-err>
</testsuite>
